   0.00   0.29377E+00  0.00000E+00  0.00000E+00  0.00000E+00  0.00000E+00 -0.47312E+00
   0.10   0.29357E+00  0.89069E-02  0.97942E-02  0.19990E-03  0.24089E-03 -0.47223E+00
   0.20   0.29298E+00  0.17809E-01  0.19571E-01  0.80354E-03  0.96660E-03 -0.46959E+00
   0.30   0.29200E+00  0.26698E-01  0.29312E-01  0.18221E-02  0.21857E-02 -0.46524E+00
   0.40   0.29066E+00  0.35566E-01  0.38996E-01  0.32721E-02  0.39108E-02 -0.45925E+00
   0.50   0.28898E+00  0.44398E-01  0.48600E-01  0.51730E-02  0.61554E-02 -0.45172E+00
   0.60   0.28700E+00  0.53176E-01  0.58096E-01  0.75435E-02  0.89318E-02 -0.44277E+00
   0.70   0.28474E+00  0.61876E-01  0.67454E-01  0.10398E-01  0.12247E-01 -0.43251E+00
   0.80   0.28224E+00  0.70468E-01  0.76640E-01  0.13745E-01  0.16099E-01 -0.42109E+00
   0.90   0.27953E+00  0.78920E-01  0.85618E-01  0.17579E-01  0.20476E-01 -0.40862E+00
   1.00   0.27664E+00  0.87196E-01  0.94350E-01  0.21887E-01  0.25354E-01 -0.39522E+00
   1.10   0.27360E+00  0.95258E-01  0.10280E+00  0.26639E-01  0.30696E-01 -0.38102E+00
   1.20   0.27042E+00  0.10307E+00  0.11092E+00  0.31795E-01  0.36451E-01 -0.36610E+00
   1.30   0.26712E+00  0.11058E+00  0.11869E+00  0.37302E-01  0.42560E-01 -0.35054E+00
   1.40   0.26371E+00  0.11777E+00  0.12606E+00  0.43100E-01  0.48954E-01 -0.33441E+00
   1.50   0.26018E+00  0.12460E+00  0.13302E+00  0.49123E-01  0.55559E-01 -0.31778E+00
   1.60   0.25653E+00  0.13104E+00  0.13953E+00  0.55301E-01  0.62301E-01 -0.30067E+00
   1.70   0.25275E+00  0.13706E+00  0.14557E+00  0.61567E-01  0.69106E-01 -0.28315E+00
   1.80   0.24883E+00  0.14265E+00  0.15114E+00  0.67857E-01  0.75905E-01 -0.26525E+00
   1.90   0.24476E+00  0.14778E+00  0.15620E+00  0.74114E-01  0.82635E-01 -0.24702E+00
   2.00   0.24052E+00  0.15245E+00  0.16076E+00  0.80288E-01  0.89243E-01 -0.22850E+00
   2.10   0.23610E+00  0.15664E+00  0.16480E+00  0.86336E-01  0.95682E-01 -0.20976E+00
   2.20   0.23148E+00  0.16034E+00  0.16832E+00  0.92224E-01  0.10191E+00 -0.19087E+00
   2.30   0.22666E+00  0.16356E+00  0.17132E+00  0.97923E-01  0.10790E+00 -0.17191E+00
   2.40   0.22164E+00  0.16627E+00  0.17379E+00  0.10341E+00  0.11362E+00 -0.15296E+00
   2.50   0.21640E+00  0.16848E+00  0.17572E+00  0.10866E+00  0.11905E+00 -0.13414E+00
   2.60   0.21096E+00  0.17018E+00  0.17712E+00  0.11366E+00  0.12416E+00 -0.11553E+00
   2.70   0.20533E+00  0.17137E+00  0.17797E+00  0.11837E+00  0.12892E+00 -0.97247E-01
   2.80   0.19950E+00  0.17204E+00  0.17829E+00  0.12279E+00  0.13330E+00 -0.79391E-01
   2.90   0.19351E+00  0.17221E+00  0.17807E+00  0.12688E+00  0.13729E+00 -0.62062E-01
   3.00   0.18736E+00  0.17186E+00  0.17731E+00  0.13060E+00  0.14083E+00 -0.45349E-01
   3.10   0.18107E+00  0.17102E+00  0.17602E+00  0.13395E+00  0.14391E+00 -0.29337E-01
   3.20   0.17468E+00  0.16968E+00  0.17422E+00  0.13687E+00  0.14649E+00 -0.14095E-01
   3.30   0.16819E+00  0.16786E+00  0.17192E+00  0.13934E+00  0.14853E+00  0.31583E-03
   3.40   0.16164E+00  0.16559E+00  0.16913E+00  0.14134E+00  0.15002E+00  0.13849E-01
   3.50   0.15504E+00  0.16288E+00  0.16590E+00  0.14284E+00  0.15093E+00  0.26468E-01
   3.60   0.14843E+00  0.15977E+00  0.16225E+00  0.14384E+00  0.15126E+00  0.38149E-01
   3.70   0.14182E+00  0.15628E+00  0.15820E+00  0.14432E+00  0.15100E+00  0.48875E-01
   3.80   0.13524E+00  0.15246E+00  0.15381E+00  0.14429E+00  0.15016E+00  0.58640E-01
   3.90   0.12871E+00  0.14832E+00  0.14912E+00  0.14375E+00  0.14876E+00  0.67442E-01
   4.00   0.12225E+00  0.14392E+00  0.14416E+00  0.14273E+00  0.14684E+00  0.75288E-01
   4.10   0.11587E+00  0.13930E+00  0.13897E+00  0.14124E+00  0.14442E+00  0.82188E-01
   4.20   0.10961E+00  0.13447E+00  0.13362E+00  0.13932E+00  0.14154E+00  0.88154E-01
   4.30   0.10346E+00  0.12949E+00  0.12812E+00  0.13699E+00  0.13827E+00  0.93205E-01
   4.40   0.97461E-01  0.12438E+00  0.12253E+00  0.13429E+00  0.13463E+00  0.97362E-01
   4.50   0.91613E-01  0.11918E+00  0.11688E+00  0.13126E+00  0.13068E+00  0.10065E+00
   4.60   0.85933E-01  0.11392E+00  0.11121E+00  0.12792E+00  0.12647E+00  0.10309E+00
   4.70   0.80431E-01  0.10862E+00  0.10555E+00  0.12430E+00  0.12205E+00  0.10472E+00
   4.80   0.75117E-01  0.10331E+00  0.99922E-01  0.12045E+00  0.11745E+00  0.10558E+00
   4.90   0.69999E-01  0.98008E-01  0.94359E-01  0.11638E+00  0.11271E+00  0.10570E+00
   5.00   0.65084E-01  0.92736E-01  0.88880E-01  0.11211E+00  0.10787E+00  0.10513E+00
   5.10   0.60377E-01  0.87514E-01  0.83506E-01  0.10768E+00  0.10295E+00  0.10391E+00
   5.20   0.55881E-01  0.82359E-01  0.78253E-01  0.10311E+00  0.97988E-01  0.10211E+00
   5.30   0.51599E-01  0.77288E-01  0.73136E-01  0.98407E-01  0.92997E-01  0.99762E-01
   5.40   0.47530E-01  0.72317E-01  0.68170E-01  0.93606E-01  0.88001E-01  0.96941E-01
   5.50   0.43675E-01  0.67461E-01  0.63364E-01  0.88728E-01  0.83021E-01  0.93702E-01
   5.60   0.40031E-01  0.62735E-01  0.58731E-01  0.83799E-01  0.78076E-01  0.90107E-01
   5.70   0.36597E-01  0.58153E-01  0.54277E-01  0.78845E-01  0.73186E-01  0.86216E-01
   5.80   0.33369E-01  0.53728E-01  0.50011E-01  0.73893E-01  0.68369E-01  0.82091E-01
   5.90   0.30341E-01  0.49471E-01  0.45939E-01  0.68973E-01  0.63647E-01  0.77789E-01
   6.00   0.27511E-01  0.45393E-01  0.42066E-01  0.64114E-01  0.59036E-01  0.73368E-01
   6.10   0.24872E-01  0.41505E-01  0.38396E-01  0.59346E-01  0.54558E-01  0.68879E-01
   6.20   0.22417E-01  0.37812E-01  0.34932E-01  0.54698E-01  0.50229E-01  0.64372E-01
   6.30   0.20142E-01  0.34323E-01  0.31674E-01  0.50196E-01  0.46067E-01  0.59891E-01
   6.40   0.18040E-01  0.31040E-01  0.28623E-01  0.45865E-01  0.42088E-01  0.55476E-01
   6.50   0.16103E-01  0.27967E-01  0.25776E-01  0.41727E-01  0.38305E-01  0.51162E-01
   6.60   0.14324E-01  0.25104E-01  0.23133E-01  0.37801E-01  0.34728E-01  0.46979E-01
   6.70   0.12696E-01  0.22448E-01  0.20687E-01  0.34099E-01  0.31366E-01  0.42952E-01
   6.80   0.11212E-01  0.19998E-01  0.18435E-01  0.30634E-01  0.28224E-01  0.39101E-01
   6.90   0.98647E-02  0.17748E-01  0.16369E-01  0.27410E-01  0.25305E-01  0.35444E-01
   7.00   0.86453E-02  0.15691E-01  0.14483E-01  0.24430E-01  0.22607E-01  0.31991E-01
   7.10   0.75465E-02  0.13821E-01  0.12768E-01  0.21693E-01  0.20127E-01  0.28751E-01
   7.20   0.65606E-02  0.12127E-01  0.11215E-01  0.19193E-01  0.17860E-01  0.25728E-01
   7.30   0.56798E-02  0.10602E-01  0.98157E-02  0.16923E-01  0.15798E-01  0.22923E-01
   7.40   0.48963E-02  0.92330E-02  0.85594E-02  0.14872E-01  0.13932E-01  0.20336E-01
   7.50   0.42026E-02  0.80111E-02  0.74367E-02  0.13030E-01  0.12249E-01  0.17961E-01
   7.60   0.35913E-02  0.69250E-02  0.64375E-02  0.11382E-01  0.10740E-01  0.15795E-01
   7.70   0.30552E-02  0.59639E-02  0.55520E-02  0.99143E-02  0.93901E-02  0.13828E-01
   7.80   0.25873E-02  0.51171E-02  0.47706E-02  0.86128E-02  0.81885E-02  0.12051E-01
   7.90   0.21810E-02  0.43743E-02  0.40839E-02  0.74627E-02  0.71221E-02  0.10456E-01
   8.00   0.18299E-02  0.37254E-02  0.34830E-02  0.64500E-02  0.61786E-02  0.90303E-02
   8.10   0.15281E-02  0.31609E-02  0.29593E-02  0.55610E-02  0.53465E-02  0.77633E-02
   8.20   0.12700E-02  0.26720E-02  0.25048E-02  0.47829E-02  0.46145E-02  0.66431E-02
   8.30   0.10505E-02  0.22502E-02  0.21120E-02  0.41036E-02  0.39724E-02  0.56579E-02
   8.40   0.86468E-03  0.18878E-02  0.17739E-02  0.35120E-02  0.34105E-02  0.47962E-02
   8.50   0.70828E-03  0.15778E-02  0.14841E-02  0.29981E-02  0.29199E-02  0.40464E-02
   8.60   0.57734E-03  0.13136E-02  0.12368E-02  0.25526E-02  0.24928E-02  0.33974E-02
   8.70   0.46829E-03  0.10894E-02  0.10266E-02  0.21674E-02  0.21218E-02  0.28388E-02
   8.80   0.37797E-03  0.89996E-03  0.84872E-03  0.18350E-02  0.18003E-02  0.23605E-02
   8.90   0.30355E-03  0.74052E-03  0.69880E-03  0.15489E-02  0.15225E-02  0.19533E-02
   9.00   0.24258E-03  0.60690E-03  0.57300E-03  0.13032E-02  0.12832E-02  0.16083E-02
   9.10   0.19288E-03  0.49538E-03  0.46790E-03  0.10929E-02  0.10776E-02  0.13178E-02
   9.20   0.15260E-03  0.40270E-03  0.38048E-03  0.91325E-03  0.90162E-03  0.10744E-02
   9.30   0.12013E-03  0.32601E-03  0.30808E-03  0.76035E-03  0.75141E-03  0.87160E-03
   9.40   0.94098E-04  0.26282E-03  0.24839E-03  0.63063E-03  0.62369E-03  0.70355E-03
   9.50   0.73336E-04  0.21098E-03  0.19940E-03  0.52095E-03  0.51552E-03  0.56507E-03
   9.60   0.56868E-04  0.16865E-03  0.15937E-03  0.42856E-03  0.42427E-03  0.45157E-03
   9.70   0.43878E-04  0.13423E-03  0.12682E-03  0.35105E-03  0.34763E-03  0.35906E-03
   9.80   0.33684E-04  0.10636E-03  0.10046E-03  0.28629E-03  0.28353E-03  0.28406E-03
   9.90   0.25730E-04  0.83912E-04  0.79231E-04  0.23241E-03  0.23018E-03  0.22360E-03
