1 * * * * * * * * * * * * * * * * * * * * * * * * *     SKYRME-HARTREE-FOCK     * * * * * * * * * * * * * * * * * * * * * * * * * 


 NUCLEUS:  NPROT=    6  NNEUT=    6  NMAXP=    3  NMAXN=    3
 FORCE:    T0-T4= -1128.750   395.000   -95.000   14000.0   120.000
           X0-X3=   0.45000   0.00000   0.00000   1.00000  POWER= 1.00000
          PAIRFP=    0.000     PAIRFN=    0.000     ACOUL= 1.000
 CASES:     IFEX=    1  IFTM=    0  IFZPE=    0 IFDFMS=    0 IFRHOC=    0
          IFPLOT=    1
 GRID:     RSTEP=   0.300 NGRID=   31
 STEP:    X0DAMP=  1.000      E0DAMP=  40.00      ADDNEW= 0.5000    
            DABR= 1.0000E-05    DABE= 1.0000E-05   ITMAX=   80
           EPSPR= 1.0000E-04    ITPR=    4


 WEIGHTS FOR PROTONS READ IN FROM INPUT DATA
       1.00000  1.00000  0.00000
 WEIGHTS FOR NEUTRONS READ IN FROM INPUT DATA
       1.00000  1.00000  0.00000


 AVERAGE ENERGY-WIDTH FOR PROTONS=  13.085    
  1 TH. ITERATION: E-DIFF.=  6.018     ENERGY= -72.210      R-DIFF.=  0.000     RADIUS=  0.0000      ENREAR= -89.931    
 AVERAGE ENERGY-WIDTH FOR PROTONS=  9.7369    
  2 TH. ITERATION: E-DIFF.=-0.3438     ENERGY= -68.085      R-DIFF.=  1.000     RADIUS=  2.3690      ENREAR= -59.289    
 AVERAGE ENERGY-WIDTH FOR PROTONS=  5.7945    
  3 TH. ITERATION: E-DIFF.= 0.6066     ENERGY= -75.364      R-DIFF.= 0.1443E-01 RADIUS=  2.4037      ENREAR= -55.976    
 AVERAGE ENERGY-WIDTH FOR PROTONS=  3.3702    
  4 TH. ITERATION: E-DIFF.= 0.3614     ENERGY= -79.701      R-DIFF.= 0.2550E-02 RADIUS=  2.4098      ENREAR= -56.949    
 AVERAGE ENERGY-WIDTH FOR PROTONS=  2.3846    
  5 TH. ITERATION: E-DIFF.= 0.1749     ENERGY= -81.799      R-DIFF.= 0.8335E-03 RADIUS=  2.4078      ENREAR= -58.646    
 AVERAGE ENERGY-WIDTH FOR PROTONS=  1.8468    
  6 TH. ITERATION: E-DIFF.= 0.3525E-01 ENERGY= -82.222      R-DIFF.= 0.3408E-03 RADIUS=  2.4070      ENREAR= -59.196    
 AVERAGE ENERGY-WIDTH FOR PROTONS=  1.5173    
  7 TH. ITERATION: E-DIFF.= 0.6702E-02 ENERGY= -82.303      R-DIFF.= 0.1135E-03 RADIUS=  2.4067      ENREAR= -59.397    
 AVERAGE ENERGY-WIDTH FOR PROTONS=  1.2730    
  8 TH. ITERATION: E-DIFF.=-0.5274E-02 ENERGY= -82.239      R-DIFF.= 0.1188E-03 RADIUS=  2.4070      ENREAR= -59.371    
 AVERAGE ENERGY-WIDTH FOR PROTONS=  1.0968    
  9 TH. ITERATION: E-DIFF.= 0.6680E-03 ENERGY= -82.247      R-DIFF.= 0.2902E-04 RADIUS=  2.4071      ENREAR= -59.400    
 AVERAGE ENERGY-WIDTH FOR PROTONS= 0.95583    
 10 TH. ITERATION: E-DIFF.=-0.2158E-02 ENERGY= -82.222      R-DIFF.= 0.6755E-04 RADIUS=  2.4072      ENREAR= -59.376    
 AVERAGE ENERGY-WIDTH FOR PROTONS= 0.84718    
 11 TH. ITERATION: E-DIFF.= 0.1034E-02 ENERGY= -82.234      R-DIFF.= 0.1387E-05 RADIUS=  2.4072      ENREAR= -59.396    
 AVERAGE ENERGY-WIDTH FOR PROTONS= 0.75638    
 12 TH. ITERATION: E-DIFF.=-0.1060E-02 ENERGY= -82.221      R-DIFF.= 0.2882E-04 RADIUS=  2.4073      ENREAR= -59.382    
 AVERAGE ENERGY-WIDTH FOR PROTONS= 0.68260    
 13 TH. ITERATION: E-DIFF.= 0.7286E-03 ENERGY= -82.230      R-DIFF.= 0.6636E-05 RADIUS=  2.4073      ENREAR= -59.394    
 AVERAGE ENERGY-WIDTH FOR PROTONS= 0.61888    
 14 TH. ITERATION: E-DIFF.=-0.6270E-03 ENERGY= -82.222      R-DIFF.= 0.1446E-04 RADIUS=  2.4073      ENREAR= -59.384    
 AVERAGE ENERGY-WIDTH FOR PROTONS= 0.56514    
 15 TH. ITERATION: E-DIFF.= 0.5112E-03 ENERGY= -82.229      R-DIFF.= 0.6933E-05 RADIUS=  2.4073      ENREAR= -59.393    
 AVERAGE ENERGY-WIDTH FOR PROTONS= 0.51761    
 16 TH. ITERATION: E-DIFF.=-0.3991E-03 ENERGY= -82.224      R-DIFF.= 0.8022E-05 RADIUS=  2.4073      ENREAR= -59.386    
 AVERAGE ENERGY-WIDTH FOR PROTONS= 0.47645    
 17 TH. ITERATION: E-DIFF.= 0.3738E-03 ENERGY= -82.228      R-DIFF.= 0.5942E-05 RADIUS=  2.4073      ENREAR= -59.392    
 AVERAGE ENERGY-WIDTH FOR PROTONS= 0.43945    
 18 TH. ITERATION: E-DIFF.=-0.2880E-03 ENERGY= -82.225      R-DIFF.= 0.4952E-05 RADIUS=  2.4073      ENREAR= -59.387    
 AVERAGE ENERGY-WIDTH FOR PROTONS= 0.40676    
 19 TH. ITERATION: E-DIFF.= 0.2632E-03 ENERGY= -82.228      R-DIFF.= 0.4853E-05 RADIUS=  2.4073      ENREAR= -59.392    
 AVERAGE ENERGY-WIDTH FOR PROTONS= 0.37700    
 20 TH. ITERATION: E-DIFF.=-0.2017E-03 ENERGY= -82.226      R-DIFF.= 0.3466E-05 RADIUS=  2.4073      ENREAR= -59.388    
 AVERAGE ENERGY-WIDTH FOR PROTONS= 0.35032    
 21 TH. ITERATION: E-DIFF.= 0.2165E-03 ENERGY= -82.228      R-DIFF.= 0.3863E-05 RADIUS=  2.4073      ENREAR= -59.391    
 AVERAGE ENERGY-WIDTH FOR PROTONS= 0.32577    
 22 TH. ITERATION: E-DIFF.=-0.1578E-03 ENERGY= -82.226      R-DIFF.= 0.2476E-05 RADIUS=  2.4073      ENREAR= -59.389    
 AVERAGE ENERGY-WIDTH FOR PROTONS= 0.30349    
 23 TH. ITERATION: E-DIFF.= 0.1483E-03 ENERGY= -82.228      R-DIFF.= 0.2971E-05 RADIUS=  2.4073      ENREAR= -59.391    
 AVERAGE ENERGY-WIDTH FOR PROTONS= 0.28285    
 24 TH. ITERATION: E-DIFF.=-0.1125E-03 ENERGY= -82.227      R-DIFF.= 0.1684E-05 RADIUS=  2.4073      ENREAR= -59.389    
 AVERAGE ENERGY-WIDTH FOR PROTONS= 0.26395    
 25 TH. ITERATION: E-DIFF.= 0.1240E-03 ENERGY= -82.228      R-DIFF.= 0.2278E-05 RADIUS=  2.4073      ENREAR= -59.391    
 AVERAGE ENERGY-WIDTH FOR PROTONS= 0.24634    
 26 TH. ITERATION: E-DIFF.=-0.9441E-04 ENERGY= -82.227      R-DIFF.= 0.1089E-05 RADIUS=  2.4073      ENREAR= -59.389    
 AVERAGE ENERGY-WIDTH FOR PROTONS= 0.23011    
 27 TH. ITERATION: E-DIFF.= 0.8726E-04 ENERGY= -82.228      R-DIFF.= 0.2080E-05 RADIUS=  2.4073      ENREAR= -59.391    
 AVERAGE ENERGY-WIDTH FOR PROTONS= 0.21495    
 28 TH. ITERATION: E-DIFF.=-0.7486E-04 ENERGY= -82.227      R-DIFF.= 0.9904E-06 RADIUS=  2.4073      ENREAR= -59.390    
 AVERAGE ENERGY-WIDTH FOR PROTONS= 0.20090    
 29 TH. ITERATION: E-DIFF.= 0.7725E-04 ENERGY= -82.228      R-DIFF.= 0.1684E-05 RADIUS=  2.4073      ENREAR= -59.391    
 AVERAGE ENERGY-WIDTH FOR PROTONS= 0.18776    
 NORMAL TERMINATION AFTER  30 ITERATIONS
 AVERAGE ENERGY-WIDTH FOR PROTONS= 0.30832    

 INVERSE MASS:
  PROTONS
    27.061       27.059       26.968       26.717       26.281       25.622       24.719       23.614       22.415       21.285    
    20.377       19.760       19.398       19.207       19.112       19.066       19.044       19.033       19.028       19.026    
    19.024       19.024       19.023       19.023       19.023       19.023       19.023       19.023       19.023       19.023    
    19.023    
  NEUTRONS
    26.904       26.904       26.823       26.591       26.180       25.549       24.675       23.594       22.414       21.294    
    20.389       19.771       19.407       19.213       19.116       19.069       19.046       19.034       19.029       19.026    
    19.025       19.024       19.024       19.023       19.023       19.023       19.023       19.023       19.023       19.023    
    19.023    

 POTENTIAL:
  PROTONS
   -73.604      -68.799      -61.766      -56.986      -52.029      -47.367      -43.606      -40.116      -36.012      -30.397    
   -22.958      -14.783      -7.8650      -3.2891     -0.75735      0.49601       1.0700       1.3089       1.3884       1.3936    
    1.3655       1.3234       1.2765       1.2291       1.1831       1.1394       1.0983       1.0597       1.0237      0.99001    
   0.95875    
  NEUTRONS
   -77.275      -72.482      -65.334      -60.374      -55.230      -50.403      -46.519      -42.947      -38.785      -33.103    
   -25.561      -17.243      -10.160      -5.4190      -2.7378      -1.3542     -0.66778     -0.33100     -0.16544     -0.83437E-01
  -0.42443E-01 -0.21752E-01 -0.11213E-01 -0.58016E-02 -0.30024E-02 -0.15461E-02 -0.78542E-03 -0.38807E-03 -0.18234E-03 -0.80197E-04
  -0.19318E-04

 L*S-POT.:
  PROTONS
  -0.30208     -0.65561      -1.7162      -2.4175      -2.9450      -3.4296      -3.7410      -3.7299      -3.3247      -2.5855    
   -1.7231     -0.98572     -0.49818     -0.23328     -0.10580     -0.47773E-01 -0.21747E-01 -0.10027E-01 -0.46872E-02 -0.22209E-02
  -0.10656E-02 -0.51713E-03 -0.25353E-03 -0.12542E-03 -0.62509E-04 -0.31332E-04 -0.15744E-04 -0.78783E-05 -0.38601E-05 -0.17741E-05
  -0.43133E-06
  NEUTRONS
  -0.36752     -0.72483      -1.7968      -2.4972      -3.0190      -3.4932      -3.7905      -3.7638      -3.3440      -2.5934    
   -1.7239     -0.98356     -0.49557     -0.23122     -0.10442     -0.46922E-01 -0.21244E-01 -0.97366E-02 -0.45224E-02 -0.21281E-02
  -0.10136E-02 -0.48814E-03 -0.23741E-03 -0.11647E-03 -0.57560E-04 -0.28602E-04 -0.14247E-04 -0.70681E-05 -0.34343E-05 -0.15648E-05
  -0.37747E-06

      DENSITY:
  PROTONS
   0.88394E-01  0.88405E-01  0.87522E-01  0.84949E-01  0.80379E-01  0.73342E-01  0.63570E-01  0.51458E-01  0.38199E-01  0.25608E-01
   0.15426E-01  0.84593E-02  0.43448E-02  0.21561E-02  0.10578E-02  0.51975E-03  0.25733E-03  0.12866E-03  0.64970E-04  0.33115E-04
   0.17017E-04  0.88023E-05  0.45738E-05  0.23803E-05  0.12350E-05  0.63401E-06  0.31777E-06  0.15162E-06  0.65370E-07  0.22369E-07
   0.37495E-08
  NEUTRONS
   0.90973E-01  0.90944E-01  0.89886E-01  0.87011E-01  0.82036E-01  0.74533E-01  0.64294E-01  0.51776E-01  0.38222E-01  0.25463E-01
   0.15225E-01  0.82742E-02  0.42034E-02  0.20588E-02  0.99491E-03  0.48063E-03  0.23356E-03  0.11444E-03  0.56557E-04  0.28181E-04
   0.14143E-04  0.71393E-05  0.36183E-05  0.18363E-05  0.92921E-06  0.46549E-06  0.22787E-06  0.10631E-06  0.44829E-07  0.14940E-07
   0.23487E-08

 SINGLE PARTICLE ENERGIES:
  PROTONS
   -29.957      -14.007      -6.5978    
  NEUTRONS
   -32.944      -16.787      -9.2182    

 SINGLE PARTICLE OCCUPATION WEIGHTS:
  PROTONS
    1.0000       1.0000       0.0000    
  NEUTRONS
    1.0000       1.0000       0.0000    

 SHELL-ENERGIES  -22.837      -7.5270      -15.310      REARR.ENERGY=  -59.391    
 PAIRING-ENERGIES   0.0000       0.0000       0.0000     FERMI-ENERGIES   0.0000       0.0000    

 THE TOTAL ENERGY  -82.228         PER PARTICLE  -6.8523       ZPE=   0.000    

                 DIFF.RADIUS    SURFACE     RMS-RADIUS
  CHARGE DENSITY:    2.513       0.8192        2.497    
    MASS DENSITY:    2.459       0.6996        2.374    
  PROTON DENSITY:    2.483       0.7015        2.383    
 NEUTRON DENSITY:    2.458       0.7019        2.364    
  CHARGE NO S.O.:    2.483       0.8248        2.483    

 CHARGE DENSITY:
   0.84106E-01  0.83861E-01  0.82808E-01  0.80314E-01  0.75862E-01  0.69122E-01  0.59999E-01  0.48915E-01  0.36947E-01  0.25577E-01
   0.16180E-01  0.94436E-02  0.51856E-02  0.27275E-02  0.13954E-02  0.70678E-03  0.35560E-03  0.17760E-03  0.90856E-04  0.46468E-04
   0.22733E-04  0.12453E-04  0.67553E-05  0.26344E-05  0.18777E-05  0.13133E-05  0.71069E-07  0.29671E-06  0.51576E-06  0.39288E-06
   0.71045E-11



