1 * * * * * * * * * * * * * * * * * * * * * * * * *     SKYRME-HARTREE-FOCK     * * * * * * * * * * * * * * * * * * * * * * * * * 


 NUCLEUS:  NPROT=    8  NNEUT=    8  NMAXP=    4  NMAXN=    4
 FORCE:    T0-T4= -1128.750   395.000   -95.000   14000.0   120.000
           X0-X3=   0.45000   0.00000   0.00000   1.00000  POWER= 1.00000
          PAIRFP=    0.000     PAIRFN=    0.000     ACOUL= 1.000
 CASES:     IFEX=    1  IFTM=    0  IFZPE=    0 IFDFMS=    0 IFRHOC=    0
          IFPLOT=    1
 GRID:     RSTEP=   0.300 NGRID=   32
 STEP:    X0DAMP=  1.000      E0DAMP=  40.00      ADDNEW= 0.5000    
            DABR= 1.0000E-05    DABE= 1.0000E-05   ITMAX=   80
           EPSPR= 1.0000E-04    ITPR=    4


 WEIGHTS FOR PROTONS READ IN FROM INPUT DATA
       1.00000  1.00000  1.00000  0.00000
 WEIGHTS FOR NEUTRONS READ IN FROM INPUT DATA
       1.00000  1.00000  1.00000  0.00000


 AVERAGE ENERGY-WIDTH FOR PROTONS=  17.060    
  1 TH. ITERATION: E-DIFF.=  5.867     ENERGY= -93.868      R-DIFF.=  0.000     RADIUS=  0.0000      ENREAR= -136.27    
 AVERAGE ENERGY-WIDTH FOR PROTONS=  11.578    
  2 TH. ITERATION: E-DIFF.=-0.2574     ENERGY= -89.749      R-DIFF.=  1.000     RADIUS=  2.6024      ENREAR= -74.936    
 AVERAGE ENERGY-WIDTH FOR PROTONS=  4.9178    
  3 TH. ITERATION: E-DIFF.= 0.9907     ENERGY= -105.60      R-DIFF.= 0.1850E-01 RADIUS=  2.6515      ENREAR= -67.766    
 AVERAGE ENERGY-WIDTH FOR PROTONS=  2.0956    
  4 TH. ITERATION: E-DIFF.= 0.5405     ENERGY= -114.25      R-DIFF.= 0.8744E-03 RADIUS=  2.6538      ENREAR= -68.982    
 AVERAGE ENERGY-WIDTH FOR PROTONS=  1.0707    
  5 TH. ITERATION: E-DIFF.= 0.2810     ENERGY= -118.74      R-DIFF.= 0.3970E-02 RADIUS=  2.6433      ENREAR= -72.261    
 AVERAGE ENERGY-WIDTH FOR PROTONS= 0.55794    
  6 TH. ITERATION: E-DIFF.= 0.1003     ENERGY= -120.35      R-DIFF.= 0.3272E-02 RADIUS=  2.6347      ENREAR= -74.479    
 AVERAGE ENERGY-WIDTH FOR PROTONS= 0.31959    
  7 TH. ITERATION: E-DIFF.= 0.2016E-01 ENERGY= -120.67      R-DIFF.= 0.1762E-02 RADIUS=  2.6301      ENREAR= -75.516    
 AVERAGE ENERGY-WIDTH FOR PROTONS= 0.20039    
  8 TH. ITERATION: E-DIFF.=-0.4915E-02 ENERGY= -120.59      R-DIFF.= 0.7351E-03 RADIUS=  2.6281      ENREAR= -75.866    
 AVERAGE ENERGY-WIDTH FOR PROTONS= 0.13029    
  9 TH. ITERATION: E-DIFF.=-0.6014E-02 ENERGY= -120.50      R-DIFF.= 0.2886E-03 RADIUS=  2.6274      ENREAR= -75.990    
 AVERAGE ENERGY-WIDTH FOR PROTONS= 0.87974E-01
 10 TH. ITERATION: E-DIFF.=-0.3825E-02 ENERGY= -120.43      R-DIFF.= 0.1092E-03 RADIUS=  2.6271      ENREAR= -76.036    
 AVERAGE ENERGY-WIDTH FOR PROTONS= 0.60771E-01
 11 TH. ITERATION: E-DIFF.=-0.1754E-02 ENERGY= -120.41      R-DIFF.= 0.4774E-04 RADIUS=  2.6270      ENREAR= -76.065    
 AVERAGE ENERGY-WIDTH FOR PROTONS= 0.42449E-01
 12 TH. ITERATION: E-DIFF.=-0.9580E-03 ENERGY= -120.39      R-DIFF.= 0.1888E-04 RADIUS=  2.6269      ENREAR= -76.083    
 AVERAGE ENERGY-WIDTH FOR PROTONS= 0.29957E-01
 13 TH. ITERATION: E-DIFF.=-0.5050E-03 ENERGY= -120.38      R-DIFF.= 0.7170E-05 RADIUS=  2.6269      ENREAR= -76.095    
 AVERAGE ENERGY-WIDTH FOR PROTONS= 0.21250E-01
 14 TH. ITERATION: E-DIFF.=-0.3395E-03 ENERGY= -120.38      R-DIFF.= 0.1815E-06 RADIUS=  2.6269      ENREAR= -76.101    
 AVERAGE ENERGY-WIDTH FOR PROTONS= 0.15176E-01
 15 TH. ITERATION: E-DIFF.=-0.2093E-03 ENERGY= -120.37      R-DIFF.= 0.2360E-05 RADIUS=  2.6269      ENREAR= -76.106    
 AVERAGE ENERGY-WIDTH FOR PROTONS= 0.10886E-01
 16 TH. ITERATION: E-DIFF.=-0.1550E-03 ENERGY= -120.37      R-DIFF.= 0.3449E-05 RADIUS=  2.6269      ENREAR= -76.108    
 AVERAGE ENERGY-WIDTH FOR PROTONS= 0.78499E-02
 17 TH. ITERATION: E-DIFF.=-0.8726E-04 ENERGY= -120.37      R-DIFF.= 0.3358E-05 RADIUS=  2.6269      ENREAR= -76.109    
 AVERAGE ENERGY-WIDTH FOR PROTONS= 0.56977E-02
 NORMAL TERMINATION AFTER  18 ITERATIONS
 AVERAGE ENERGY-WIDTH FOR PROTONS= 0.48325E-02

 INVERSE MASS:
  PROTONS
    25.800       25.902       26.100       26.295       26.358       26.188       25.728       24.971       23.968       22.836    
    21.741       20.844       20.222       19.850       19.651       19.551       19.502       19.478       19.467       19.461    
    19.458       19.457       19.456       19.456       19.456       19.456       19.456       19.455       19.455       19.455    
    19.455       19.455    
  NEUTRONS
    25.694       25.792       25.983       26.175       26.244       26.090       25.655       24.927       23.949       22.837    
    21.753       20.859       20.236       19.861       19.659       19.556       19.505       19.480       19.468       19.462    
    19.459       19.457       19.456       19.456       19.456       19.456       19.456       19.456       19.455       19.455    
    19.455       19.455    

 POTENTIAL:
  PROTONS
   -67.423      -63.556      -59.781      -55.128      -50.763      -47.267      -44.651      -42.535      -40.225      -36.804    
   -31.416      -23.881      -15.430      -8.1670      -3.2871     -0.55044      0.81649       1.4439       1.7027       1.7846    
    1.7839       1.7459       1.6924       1.6337       1.5747       1.5176       1.4632       1.4120       1.3639       1.3188    
    1.2766       1.2373    
  NEUTRONS
   -71.336      -67.496      -63.755      -59.111      -54.705      -51.119      -48.388      -46.163      -43.769      -40.277    
   -34.801      -27.135      -18.509      -11.045      -5.9659      -3.0476      -1.5221     -0.75722     -0.37862     -0.19097    
  -0.97278E-01 -0.50034E-01 -0.25961E-01 -0.13569E-01 -0.71277E-02 -0.37507E-02 -0.19666E-02 -0.10188E-02 -0.51427E-03 -0.24746E-03
  -0.11125E-03 -0.29956E-04

 L*S-POT.:
  PROTONS
    4.0931       3.6654       2.3823       1.1156     -0.18283      -1.3242      -2.2213      -2.8109      -3.0258      -2.8278    
   -2.2774      -1.5644     -0.92031     -0.47702     -0.22819     -0.10531     -0.48237E-01 -0.22238E-01 -0.10376E-01 -0.49081E-02
  -0.23542E-02 -0.11443E-02 -0.56324E-03 -0.28043E-03 -0.14108E-03 -0.71620E-04 -0.36622E-04 -0.18802E-04 -0.96285E-05 -0.48393E-05
  -0.23046E-05 -0.58374E-06
  NEUTRONS
    4.1675       3.7291       2.4140       1.1130     -0.21341      -1.3706      -2.2709      -2.8541      -3.0574      -2.8465    
   -2.2852      -1.5651     -0.91785     -0.47405     -0.22582     -0.10370     -0.47232E-01 -0.21637E-01 -0.10024E-01 -0.47059E-02
  -0.22387E-02 -0.10788E-02 -0.52611E-03 -0.25943E-03 -0.12922E-03 -0.64928E-04 -0.32853E-04 -0.16690E-04 -0.84586E-05 -0.42096E-05
  -0.19861E-05 -0.49937E-06

      DENSITY:
  PROTONS
   0.70018E-01  0.71113E-01  0.73257E-01  0.75411E-01  0.76197E-01  0.74506E-01  0.69670E-01  0.61532E-01  0.50589E-01  0.38098E-01
   0.25918E-01  0.15856E-01  0.88300E-02  0.46001E-02  0.23115E-02  0.11466E-02  0.56923E-03  0.28473E-03  0.14389E-03  0.73507E-04
   0.37947E-04  0.19776E-04  0.10389E-04  0.54900E-05  0.29097E-05  0.15393E-05  0.80672E-06  0.41328E-06  0.20201E-06  0.89699E-07
   0.32173E-07  0.62027E-08
  NEUTRONS
   0.71763E-01  0.72915E-01  0.75165E-01  0.77371E-01  0.78062E-01  0.76101E-01  0.70860E-01  0.62264E-01  0.50897E-01  0.38088E-01
   0.25725E-01  0.15603E-01  0.85988E-02  0.44227E-02  0.21886E-02  0.10665E-02  0.51898E-03  0.25391E-03  0.12526E-03  0.62362E-04
   0.31327E-04  0.15867E-04  0.80925E-05  0.41491E-05  0.21329E-05  0.10947E-05  0.55701E-06  0.27746E-06  0.13213E-06  0.57278E-07
   0.20051E-07  0.37055E-08

 SINGLE PARTICLE ENERGIES:
  PROTONS
   -31.278      -17.083      -11.144      -3.5828    
  NEUTRONS
   -34.959      -20.583      -14.542      -6.8588    

 SINGLE PARTICLE OCCUPATION WEIGHTS:
  PROTONS
    1.0000       1.0000       1.0000       0.0000    
  NEUTRONS
    1.0000       1.0000       1.0000       0.0000    

 SHELL-ENERGIES  -44.257      -15.583      -28.674      REARR.ENERGY=  -76.110    
 PAIRING-ENERGIES   0.0000       0.0000       0.0000     FERMI-ENERGIES   0.0000       0.0000    

 THE TOTAL ENERGY  -120.37         PER PARTICLE  -7.5230       ZPE=   0.000    

                 DIFF.RADIUS    SURFACE     RMS-RADIUS
  CHARGE DENSITY:    2.863       0.8068        2.712    
    MASS DENSITY:    2.852       0.6731        2.580    
  PROTON DENSITY:    2.863       0.6734        2.591    
 NEUTRON DENSITY:    2.841       0.6726        2.569    
  CHARGE NO S.O.:    2.862       0.8000        2.706    

 CHARGE DENSITY:
   0.72387E-01  0.72834E-01  0.73835E-01  0.74553E-01  0.74000E-01  0.71328E-01  0.66019E-01  0.58024E-01  0.47860E-01  0.36608E-01
   0.25728E-01  0.16578E-01  0.98700E-02  0.55183E-02  0.29504E-02  0.15323E-02  0.78361E-03  0.39846E-03  0.20241E-03  0.10340E-03
   0.53292E-04  0.27530E-04  0.14393E-04  0.76399E-05  0.39847E-05  0.21142E-05  0.11559E-05  0.56767E-06  0.29057E-06  0.16093E-06
   0.38337E-07  0.56322E-13



