1 * * * * * * * * * * * * * * * * * * * * * * * * *     SKYRME-HARTREE-FOCK     * * * * * * * * * * * * * * * * * * * * * * * * * 


 NUCLEUS:  NPROT=   12  NNEUT=   12  NMAXP=    5  NMAXN=    5
 FORCE:    T0-T4= -1128.750   395.000   -95.000   14000.0   120.000
           X0-X3=   0.45000   0.00000   0.00000   1.00000  POWER= 1.00000
          PAIRFP=    1.000     PAIRFN=    1.000     ACOUL= 1.000
 CASES:     IFEX=    1  IFTM=    0  IFZPE=    0 IFDFMS=    0 IFRHOC=    0
          IFPLOT=    1
 GRID:     RSTEP=   0.300 NGRID=   33
 STEP:    X0DAMP=  1.000      E0DAMP=  40.00      ADDNEW= 0.5000    
            DABR= 1.0000E-05    DABE= 1.0000E-05   ITMAX=   80
           EPSPR= 1.0000E-04    ITPR=    4




 AVERAGE ENERGY-WIDTH FOR PROTONS=  11.026    
 PAIR FINISHED WITH    5 ITERATIONS: GAP-EQ.=   1.0021      PART.NR=   12.020    
 PAIR FINISHED WITH    5 ITERATIONS: GAP-EQ.=   1.0019      PART.NR=   12.018    
  1 TH. ITERATION: E-DIFF.=  5.581     ENERGY= -133.94      R-DIFF.=  0.000     RADIUS=  0.0000      ENREAR= -156.69    
 AVERAGE ENERGY-WIDTH FOR PROTONS=  7.0596    
 PAIR FINISHED WITH    5 ITERATIONS: GAP-EQ.=   1.0008      PART.NR=   12.093    
 PAIR FINISHED WITH    5 ITERATIONS: GAP-EQ.=   1.0009      PART.NR=   12.101    
  2 TH. ITERATION: E-DIFF.= 0.8275     ENERGY= -153.80      R-DIFF.=  1.000     RADIUS=  2.9075      ENREAR= -127.95    
 AVERAGE ENERGY-WIDTH FOR PROTONS=  2.5596    
 PAIR FINISHED WITH    5 ITERATIONS: GAP-EQ.=   1.0000      PART.NR=   12.005    
 PAIR FINISHED WITH    5 ITERATIONS: GAP-EQ.=   1.0000      PART.NR=   12.007    
  3 TH. ITERATION: E-DIFF.= 0.7230     ENERGY= -171.15      R-DIFF.= 0.1268E-01 RADIUS=  2.9448      ENREAR= -124.12    
 AVERAGE ENERGY-WIDTH FOR PROTONS=  1.2493    
 PAIR FINISHED WITH    5 ITERATIONS: GAP-EQ.=  0.99999      PART.NR=   12.000    
 PAIR FINISHED WITH    5 ITERATIONS: GAP-EQ.=  0.99999      PART.NR=   12.000    
  4 TH. ITERATION: E-DIFF.= 0.2943     ENERGY= -178.21      R-DIFF.= 0.4198E-02 RADIUS=  2.9325      ENREAR= -123.06    
 AVERAGE ENERGY-WIDTH FOR PROTONS= 0.68686    
 PAIR FINISHED WITH    5 ITERATIONS: GAP-EQ.=   1.0000      PART.NR=   12.000    
 PAIR FINISHED WITH    5 ITERATIONS: GAP-EQ.=  0.99999      PART.NR=   12.000    
  5 TH. ITERATION: E-DIFF.= 0.1638     ENERGY= -182.14      R-DIFF.= 0.1841E-02 RADIUS=  2.9271      ENREAR= -125.20    
 AVERAGE ENERGY-WIDTH FOR PROTONS= 0.39529    
 PAIR FINISHED WITH    5 ITERATIONS: GAP-EQ.=   1.0000      PART.NR=   12.000    
 PAIR FINISHED WITH    5 ITERATIONS: GAP-EQ.=   1.0000      PART.NR=   12.000    
  6 TH. ITERATION: E-DIFF.= 0.6872E-01 ENERGY= -183.79      R-DIFF.= 0.1358E-02 RADIUS=  2.9231      ENREAR= -126.94    
 AVERAGE ENERGY-WIDTH FOR PROTONS= 0.25847    
 PAIR FINISHED WITH    4 ITERATIONS: GAP-EQ.=   1.0000      PART.NR=   12.000    
 PAIR FINISHED WITH    4 ITERATIONS: GAP-EQ.=   1.0000      PART.NR=   12.000    
  7 TH. ITERATION: E-DIFF.= 0.2119E-01 ENERGY= -184.30      R-DIFF.= 0.7868E-03 RADIUS=  2.9208      ENREAR= -127.89    
 AVERAGE ENERGY-WIDTH FOR PROTONS= 0.18486    
 PAIR FINISHED WITH    3 ITERATIONS: GAP-EQ.=   1.0000      PART.NR=   12.000    
 PAIR FINISHED WITH    3 ITERATIONS: GAP-EQ.=   1.0000      PART.NR=   12.000    
  8 TH. ITERATION: E-DIFF.= 0.2449E-02 ENERGY= -184.36      R-DIFF.= 0.3667E-03 RADIUS=  2.9198      ENREAR= -128.30    
 AVERAGE ENERGY-WIDTH FOR PROTONS= 0.13748    
 PAIR FINISHED WITH    4 ITERATIONS: GAP-EQ.=   1.0000      PART.NR=   12.000    
 PAIR FINISHED WITH    4 ITERATIONS: GAP-EQ.=   1.0000      PART.NR=   12.000    
  9 TH. ITERATION: E-DIFF.=-0.1825E-02 ENERGY= -184.32      R-DIFF.= 0.1587E-03 RADIUS=  2.9193      ENREAR= -128.47    
 AVERAGE ENERGY-WIDTH FOR PROTONS= 0.10419    
 PAIR FINISHED WITH    3 ITERATIONS: GAP-EQ.=   1.0000      PART.NR=   12.000    
 PAIR FINISHED WITH    3 ITERATIONS: GAP-EQ.=   1.0000      PART.NR=   12.000    
 10 TH. ITERATION: E-DIFF.=-0.2014E-02 ENERGY= -184.27      R-DIFF.= 0.7531E-04 RADIUS=  2.9191      ENREAR= -128.53    
 AVERAGE ENERGY-WIDTH FOR PROTONS= 0.79645E-01
 PAIR FINISHED WITH    3 ITERATIONS: GAP-EQ.=   1.0000      PART.NR=   12.000    
 PAIR FINISHED WITH    3 ITERATIONS: GAP-EQ.=   1.0000      PART.NR=   12.000    
 11 TH. ITERATION: E-DIFF.=-0.1095E-02 ENERGY= -184.24      R-DIFF.= 0.3480E-04 RADIUS=  2.9190      ENREAR= -128.58    
 AVERAGE ENERGY-WIDTH FOR PROTONS= 0.61145E-01
 PAIR FINISHED WITH    3 ITERATIONS: GAP-EQ.=   1.0000      PART.NR=   12.000    
 PAIR FINISHED WITH    3 ITERATIONS: GAP-EQ.=   1.0000      PART.NR=   12.000    
 12 TH. ITERATION: E-DIFF.=-0.6695E-03 ENERGY= -184.23      R-DIFF.= 0.2483E-04 RADIUS=  2.9189      ENREAR= -128.60    
 AVERAGE ENERGY-WIDTH FOR PROTONS= 0.47087E-01
 PAIR FINISHED WITH    3 ITERATIONS: GAP-EQ.=   1.0000      PART.NR=   12.000    
 PAIR FINISHED WITH    3 ITERATIONS: GAP-EQ.=   1.0000      PART.NR=   12.000    
 13 TH. ITERATION: E-DIFF.=-0.3600E-03 ENERGY= -184.22      R-DIFF.= 0.1593E-04 RADIUS=  2.9189      ENREAR= -128.62    
 AVERAGE ENERGY-WIDTH FOR PROTONS= 0.36330E-01
 PAIR FINISHED WITH    3 ITERATIONS: GAP-EQ.=   1.0000      PART.NR=   12.000    
 PAIR FINISHED WITH    3 ITERATIONS: GAP-EQ.=   1.0000      PART.NR=   12.000    
 14 TH. ITERATION: E-DIFF.=-0.2475E-03 ENERGY= -184.21      R-DIFF.= 0.9802E-05 RADIUS=  2.9188      ENREAR= -128.63    
 AVERAGE ENERGY-WIDTH FOR PROTONS= 0.28068E-01
 PAIR FINISHED WITH    3 ITERATIONS: GAP-EQ.=   1.0000      PART.NR=   12.000    
 PAIR FINISHED WITH    3 ITERATIONS: GAP-EQ.=   1.0000      PART.NR=   12.000    
 15 TH. ITERATION: E-DIFF.=-0.1454E-03 ENERGY= -184.21      R-DIFF.= 0.5881E-05 RADIUS=  2.9188      ENREAR= -128.63    
 AVERAGE ENERGY-WIDTH FOR PROTONS= 0.21703E-01
 PAIR FINISHED WITH    2 ITERATIONS: GAP-EQ.=   1.0000      PART.NR=   12.000    
 PAIR FINISHED WITH    2 ITERATIONS: GAP-EQ.=   1.0000      PART.NR=   12.000    
 16 TH. ITERATION: E-DIFF.=-0.1068E-03 ENERGY= -184.21      R-DIFF.= 0.3349E-05 RADIUS=  2.9188      ENREAR= -128.64    
 AVERAGE ENERGY-WIDTH FOR PROTONS= 0.16800E-01
 PAIR FINISHED WITH    2 ITERATIONS: GAP-EQ.=   1.0000      PART.NR=   12.000    
 PAIR FINISHED WITH    2 ITERATIONS: GAP-EQ.=   1.0000      PART.NR=   12.000    
 NORMAL TERMINATION AFTER  17 ITERATIONS
 AVERAGE ENERGY-WIDTH FOR PROTONS= 0.13156E-01
 PAIR FINISHED WITH    2 ITERATIONS: GAP-EQ.=   1.0000      PART.NR=   12.000    
 PAIR FINISHED WITH    2 ITERATIONS: GAP-EQ.=   1.0000      PART.NR=   12.000    

 INVERSE MASS:
  PROTONS
    25.662       25.788       26.089       26.459       26.770       26.917       26.827       26.457       25.798       24.878    
    23.783       22.656       21.662       20.918       20.441       20.170       20.029       19.958       19.923       19.906    
    19.897       19.893       19.890       19.889       19.889       19.888       19.888       19.888       19.888       19.888    
    19.888       19.888       19.888    
  NEUTRONS
    25.545       25.666       25.954       26.311       26.616       26.770       26.700       26.361       25.736       24.850    
    23.782       22.672       21.686       20.941       20.459       20.184       20.038       19.964       19.927       19.908    
    19.898       19.894       19.891       19.889       19.889       19.888       19.888       19.888       19.888       19.888    
    19.888       19.888       19.888    

 POTENTIAL:
  PROTONS
   -66.505      -64.411      -62.436      -59.786      -56.847      -53.818      -50.799      -47.863      -44.960      -41.825    
   -37.983      -32.810      -25.884      -17.702      -9.9333      -4.1584     -0.66146       1.1749       2.0467       2.4174    
    2.5415       2.5480       2.5003       2.4292       2.3496       2.2686       2.1897       2.1142       2.0428       1.9755    
    1.9123       1.8531       1.7978    
  NEUTRONS
   -71.875      -69.807      -67.890      -65.298      -62.376      -59.296      -56.155      -53.055      -49.991      -46.730    
   -42.793      -37.524      -30.458      -22.071      -14.048      -8.0018      -4.2486      -2.1845      -1.1148     -0.57204    
  -0.29687     -0.15616     -0.83275E-01 -0.44976E-01 -0.24555E-01 -0.13512E-01 -0.74613E-02 -0.41070E-02 -0.22308E-02 -0.11771E-02
  -0.58944E-03 -0.27284E-03 -0.93040E-04

 L*S-POT.:
  PROTONS
    5.3625       4.9917       3.8791       2.6487       1.3739      0.21526     -0.77444      -1.5808      -2.1782      -2.5127    
   -2.5236      -2.2020      -1.6494      -1.0566     -0.58904     -0.29733     -0.14239     -0.67053E-01 -0.31682E-01 -0.15157E-01
  -0.73695E-02 -0.36452E-02 -0.18342E-02 -0.93830E-03 -0.48753E-03 -0.25699E-03 -0.13723E-03 -0.74057E-04 -0.40230E-04 -0.21820E-04
  -0.11597E-04 -0.58252E-05 -0.15370E-05
  NEUTRONS
    5.4821       5.1006       3.9560       2.6861       1.3734      0.18551     -0.82150      -1.6332      -2.2263      -2.5502    
   -2.5479      -2.2138      -1.6518      -1.0541     -0.58505     -0.29378     -0.13983     -0.65377E-01 -0.30638E-01 -0.14524E-01
  -0.69906E-02 -0.34199E-02 -0.17005E-02 -0.85892E-03 -0.44033E-03 -0.22887E-03 -0.12044E-03 -0.64029E-04 -0.34264E-04 -0.18314E-04
  -0.96024E-05 -0.47641E-05 -0.12458E-05

      DENSITY:
  PROTONS
   0.63441E-01  0.64794E-01  0.68003E-01  0.71996E-01  0.75426E-01  0.77173E-01  0.76432E-01  0.72689E-01  0.65741E-01  0.55839E-01
   0.43875E-01  0.31416E-01  0.20316E-01  0.11921E-01  0.64836E-02  0.33690E-02  0.17182E-02  0.87548E-03  0.45003E-03  0.23440E-03
   0.12389E-03  0.66432E-04  0.36105E-04  0.19852E-04  0.11014E-04  0.61417E-05  0.34224E-05  0.18886E-05  0.10171E-05  0.52092E-06
   0.24144E-06  0.90278E-07  0.18539E-07
  NEUTRONS
   0.65355E-01  0.66797E-01  0.70215E-01  0.74419E-01  0.77940E-01  0.79574E-01  0.78505E-01  0.74266E-01  0.66745E-01  0.56292E-01
   0.43888E-01  0.31149E-01  0.19934E-01  0.11547E-01  0.61815E-02  0.31506E-02  0.15704E-02  0.77936E-03  0.38890E-03  0.19603E-03
   0.99984E-04  0.51610E-04  0.26941E-04  0.14204E-04  0.75467E-05  0.40284E-05  0.21497E-05  0.11376E-05  0.58897E-06  0.29100E-06
   0.13060E-06  0.47367E-07  0.92951E-08

 SINGLE PARTICLE ENERGIES:
  PROTONS
   -36.338      -21.983      -17.368      -8.5925     -0.72145    
  NEUTRONS
   -41.544      -26.955      -22.277      -13.324      -5.2020    

 SINGLE PARTICLE OCCUPATION WEIGHTS:
  PROTONS
   0.99882      0.99524      0.98963      0.66206      0.17450E-01
  NEUTRONS
   0.99888      0.99548      0.99017      0.66264      0.16049E-01

 SHELL-ENERGIES  -47.992      -10.290      -37.701      REARR.ENERGY=  -128.64    
 PAIRING-ENERGIES  -7.5672      -3.8189      -3.7483     FERMI-ENERGIES  -7.9229      -12.658    

 THE TOTAL ENERGY  -184.20         PER PARTICLE  -7.6751       ZPE=   0.000    

                 DIFF.RADIUS    SURFACE     RMS-RADIUS
  CHARGE DENSITY:    3.299       0.8236        3.018    
    MASS DENSITY:    3.288       0.6887        2.883    
  PROTON DENSITY:    3.314       0.6903        2.899    
 NEUTRON DENSITY:    3.273       0.6880        2.867    
  CHARGE NO S.O.:    3.299       0.8151        3.006    

 CHARGE DENSITY:
   0.68029E-01  0.68714E-01  0.70493E-01  0.72656E-01  0.74303E-01  0.74580E-01  0.72805E-01  0.68539E-01  0.61664E-01  0.52487E-01
   0.41810E-01  0.30868E-01  0.21010E-01  0.13215E-01  0.77662E-02  0.43346E-02  0.23358E-02  0.12334E-02  0.64643E-03  0.33869E-03
   0.17829E-03  0.95093E-04  0.51245E-04  0.27682E-04  0.15323E-04  0.86048E-05  0.46175E-05  0.25763E-05  0.15444E-05  0.71012E-06
   0.30177E-06  0.24400E-06  0.26654E-11



