1 * * * * * * * * * * * * * * * * * * * * * * * * *     SKYRME-HARTREE-FOCK     * * * * * * * * * * * * * * * * * * * * * * * * * 


 NUCLEUS:  NPROT=   20  NNEUT=   20  NMAXP=    7  NMAXN=    7
 FORCE:    T0-T4= -1128.750   395.000   -95.000   14000.0   120.000
           X0-X3=   0.45000   0.00000   0.00000   1.00000  POWER= 1.00000
          PAIRFP=    0.000     PAIRFN=    0.000     ACOUL= 1.000
 CASES:     IFEX=    1  IFTM=    0  IFZPE=    0 IFDFMS=    0 IFRHOC=    0
          IFPLOT=    1
 GRID:     RSTEP=   0.300 NGRID=   36
 STEP:    X0DAMP=  1.000      E0DAMP=  40.00      ADDNEW= 0.5000    
            DABR= 1.0000E-05    DABE= 1.0000E-05   ITMAX=   80
           EPSPR= 1.0000E-04    ITPR=    4


 WEIGHTS FOR PROTONS READ IN FROM INPUT DATA
       1.00000  1.00000  1.00000  1.00000  1.00000  1.00000  0.00000
 WEIGHTS FOR NEUTRONS READ IN FROM INPUT DATA
       1.00000  1.00000  1.00000  1.00000  1.00000  1.00000  0.00000


 AVERAGE ENERGY-WIDTH FOR PROTONS=  14.634    
  1 TH. ITERATION: E-DIFF.=  7.473     ENERGY= -298.90      R-DIFF.=  0.000     RADIUS=  0.0000      ENREAR= -322.81    
 AVERAGE ENERGY-WIDTH FOR PROTONS=  9.7587    
  2 TH. ITERATION: E-DIFF.=-0.2278     ENERGY= -289.79      R-DIFF.=  1.000     RADIUS=  3.3495      ENREAR= -244.33    
 AVERAGE ENERGY-WIDTH FOR PROTONS=  3.2412    
  3 TH. ITERATION: E-DIFF.= 0.4367     ENERGY= -307.26      R-DIFF.= 0.1349E-01 RADIUS=  3.3953      ENREAR= -221.25    
 AVERAGE ENERGY-WIDTH FOR PROTONS=  1.5604    
  4 TH. ITERATION: E-DIFF.= 0.2990     ENERGY= -319.22      R-DIFF.= 0.2700E-02 RADIUS=  3.4045      ENREAR= -216.54    
 AVERAGE ENERGY-WIDTH FOR PROTONS= 0.89847    
  5 TH. ITERATION: E-DIFF.= 0.2049     ENERGY= -327.41      R-DIFF.= 0.1176E-02 RADIUS=  3.4005      ENREAR= -218.81    
 AVERAGE ENERGY-WIDTH FOR PROTONS= 0.44636    
  6 TH. ITERATION: E-DIFF.= 0.1015     ENERGY= -331.47      R-DIFF.= 0.1755E-02 RADIUS=  3.3946      ENREAR= -221.85    
 AVERAGE ENERGY-WIDTH FOR PROTONS= 0.23568    
  7 TH. ITERATION: E-DIFF.= 0.3952E-01 ENERGY= -333.05      R-DIFF.= 0.1333E-02 RADIUS=  3.3901      ENREAR= -224.03    
 AVERAGE ENERGY-WIDTH FOR PROTONS= 0.13501    
  8 TH. ITERATION: E-DIFF.= 0.9933E-02 ENERGY= -333.45      R-DIFF.= 0.7915E-03 RADIUS=  3.3874      ENREAR= -225.22    
 AVERAGE ENERGY-WIDTH FOR PROTONS= 0.88940E-01
  9 TH. ITERATION: E-DIFF.=-0.2356E-03 ENERGY= -333.44      R-DIFF.= 0.4233E-03 RADIUS=  3.3859      ENREAR= -225.80    
 AVERAGE ENERGY-WIDTH FOR PROTONS= 0.63666E-01
 10 TH. ITERATION: E-DIFF.=-0.2484E-02 ENERGY= -333.34      R-DIFF.= 0.2153E-03 RADIUS=  3.3852      ENREAR= -226.07    
 AVERAGE ENERGY-WIDTH FOR PROTONS= 0.47671E-01
 11 TH. ITERATION: E-DIFF.=-0.2103E-02 ENERGY= -333.26      R-DIFF.= 0.1111E-03 RADIUS=  3.3848      ENREAR= -226.19    
 AVERAGE ENERGY-WIDTH FOR PROTONS= 0.36719E-01
 12 TH. ITERATION: E-DIFF.=-0.1357E-02 ENERGY= -333.20      R-DIFF.= 0.6037E-04 RADIUS=  3.3846      ENREAR= -226.25    
 AVERAGE ENERGY-WIDTH FOR PROTONS= 0.28717E-01
 13 TH. ITERATION: E-DIFF.=-0.7744E-03 ENERGY= -333.17      R-DIFF.= 0.3487E-04 RADIUS=  3.3845      ENREAR= -226.29    
 AVERAGE ENERGY-WIDTH FOR PROTONS= 0.22728E-01
 14 TH. ITERATION: E-DIFF.=-0.4196E-03 ENERGY= -333.16      R-DIFF.= 0.2156E-04 RADIUS=  3.3844      ENREAR= -226.31    
 AVERAGE ENERGY-WIDTH FOR PROTONS= 0.18064E-01
 15 TH. ITERATION: E-DIFF.=-0.2317E-03 ENERGY= -333.15      R-DIFF.= 0.1338E-04 RADIUS=  3.3844      ENREAR= -226.32    
 AVERAGE ENERGY-WIDTH FOR PROTONS= 0.14434E-01
 16 TH. ITERATION: E-DIFF.=-0.1383E-03 ENERGY= -333.14      R-DIFF.= 0.8665E-05 RADIUS=  3.3844      ENREAR= -226.33    
 AVERAGE ENERGY-WIDTH FOR PROTONS= 0.11550E-01
 17 TH. ITERATION: E-DIFF.=-0.9346E-04 ENERGY= -333.14      R-DIFF.= 0.5424E-05 RADIUS=  3.3843      ENREAR= -226.34    
 AVERAGE ENERGY-WIDTH FOR PROTONS= 0.92718E-02
 NORMAL TERMINATION AFTER  18 ITERATIONS
 AVERAGE ENERGY-WIDTH FOR PROTONS= 0.12890E-01

 INVERSE MASS:
  PROTONS
    28.046       27.975       27.794       27.547       27.307       27.132       27.033       26.961       26.826       26.533    
    26.012       25.245       24.275       23.219       22.229       21.439       20.903       20.584       20.411       20.323    
    20.278       20.256       20.245       20.240       20.237       20.235       20.235       20.234       20.234       20.234    
    20.234       20.234       20.234       20.234       20.234       20.234    
  NEUTRONS
    27.744       27.682       27.524       27.309       27.099       26.947       26.863       26.805       26.691       26.427    
    25.944       25.215       24.280       23.246       22.267       21.477       20.934       20.607       20.427       20.333    
    20.285       20.260       20.248       20.241       20.238       20.236       20.235       20.234       20.234       20.234    
    20.234       20.234       20.234       20.234       20.234       20.234    

 POTENTIAL:
  PROTONS
   -41.438      -42.638      -44.517      -47.383      -50.176      -51.881      -51.953      -50.529      -48.236      -45.703    
   -43.234      -40.701      -37.600      -33.208      -26.943      -19.021      -10.893      -4.3589     -0.13973       2.1732    
    3.2967       3.7763       3.9316       3.9302       3.8562       3.7507       3.6339       3.5155       3.4000       3.2894    
    3.1843       3.0851       2.9914       2.9031       2.8199       2.7416    
  NEUTRONS
   -49.842      -51.033      -52.844      -55.610      -58.287      -59.880      -59.843      -58.300      -55.861      -53.162    
   -50.530      -47.865      -44.662      -40.161      -33.724      -25.536      -17.062      -10.147      -5.5602      -2.9171    
   -1.5063     -0.77752     -0.40421     -0.21228     -0.11271     -0.60479E-01 -0.32755E-01 -0.17872E-01 -0.97976E-02 -0.53752E-02
  -0.29334E-02 -0.15774E-02 -0.82340E-03 -0.40757E-03 -0.18612E-03 -0.59358E-04

 L*S-POT.:
  PROTONS
   -2.8377      -2.6986      -2.2810      -1.7304      -1.0897     -0.54248     -0.23990     -0.24373     -0.51209     -0.93717    
   -1.3911      -1.7492      -1.9037      -1.7942      -1.4514      -1.0027     -0.59850     -0.31898     -0.15874     -0.76693E-01
  -0.36858E-01 -0.17834E-01 -0.87325E-02 -0.43352E-02 -0.21825E-02 -0.11137E-02 -0.57562E-03 -0.30101E-03 -0.15908E-03 -0.84844E-04
  -0.45570E-04 -0.24563E-04 -0.13191E-04 -0.69375E-05 -0.34494E-05 -0.90379E-06
  NEUTRONS
   -3.0330      -2.8847      -2.4398      -1.8471      -1.1628     -0.58250     -0.26436     -0.26874     -0.54570     -0.97854    
   -1.4340      -1.7864      -1.9302      -1.8083      -1.4549     -0.99967     -0.59308     -0.31385     -0.15487     -0.74089E-01
  -0.35205E-01 -0.16819E-01 -0.81213E-02 -0.39710E-02 -0.19669E-02 -0.98660E-03 -0.50079E-03 -0.25702E-03 -0.13324E-03 -0.69681E-04
  -0.36696E-04 -0.19398E-04 -0.10223E-04 -0.52835E-05 -0.25852E-05 -0.66922E-06

      DENSITY:
  PROTONS
   0.83860E-01  0.83185E-01  0.81468E-01  0.79124E-01  0.76836E-01  0.75174E-01  0.74267E-01  0.73652E-01  0.72412E-01  0.69518E-01
   0.64166E-01  0.56056E-01  0.45604E-01  0.34015E-01  0.23004E-01  0.14107E-01  0.79697E-02  0.42618E-02  0.22171E-02  0.11446E-02
   0.59315E-03  0.31030E-03  0.16421E-03  0.87938E-04  0.47618E-04  0.26040E-04  0.14354E-04  0.79560E-05  0.44183E-05  0.24455E-05
   0.13379E-05  0.71345E-06  0.36176E-06  0.16607E-06  0.61495E-07  0.12405E-07
  NEUTRONS
   0.88788E-01  0.87973E-01  0.85864E-01  0.83004E-01  0.80223E-01  0.78193E-01  0.77038E-01  0.76194E-01  0.74627E-01  0.71249E-01
   0.65286E-01  0.56535E-01  0.45530E-01  0.33563E-01  0.22382E-01  0.13491E-01  0.74602E-02  0.38862E-02  0.19596E-02  0.97577E-03
   0.48552E-03  0.24284E-03  0.12240E-03  0.62217E-04  0.31885E-04  0.16461E-04  0.85502E-05  0.44604E-05  0.23306E-05  0.12146E-05
   0.62680E-06  0.31632E-06  0.15244E-06  0.66797E-07  0.23615E-07  0.44070E-08

 SINGLE PARTICLE ENERGIES:
  PROTONS
   -36.955      -26.201      -22.877      -14.744      -8.5308      -8.7864      -3.0559    
  NEUTRONS
   -44.570      -33.574      -30.187      -21.874      -15.524      -15.939      -9.9027    

 SINGLE PARTICLE OCCUPATION WEIGHTS:
  PROTONS
    1.0000       1.0000       1.0000       1.0000       1.0000       1.0000       0.0000    
  NEUTRONS
    1.0000       1.0000       1.0000       1.0000       1.0000       1.0000       0.0000    

 SHELL-ENERGIES  -106.79      -19.359      -87.428      REARR.ENERGY=  -226.35    
 PAIRING-ENERGIES   0.0000       0.0000       0.0000     FERMI-ENERGIES   0.0000       0.0000    

 THE TOTAL ENERGY  -333.13         PER PARTICLE  -8.3283       ZPE=   0.000    

                 DIFF.RADIUS    SURFACE     RMS-RADIUS
  CHARGE DENSITY:    3.945       0.9072        3.481    
    MASS DENSITY:    3.923       0.7847        3.366    
  PROTON DENSITY:    3.946       0.7840        3.389    
 NEUTRON DENSITY:    3.900       0.7846        3.344    
  CHARGE NO S.O.:    3.945       0.8995        3.476    

 CHARGE DENSITY:
   0.81392E-01  0.80958E-01  0.79780E-01  0.78181E-01  0.76540E-01  0.75118E-01  0.73894E-01  0.72489E-01  0.70253E-01  0.66489E-01
   0.60705E-01  0.52817E-01  0.43279E-01  0.33060E-01  0.23390E-01  0.15322E-01  0.93583E-02  0.54014E-02  0.29922E-02  0.16134E-02
   0.85753E-03  0.45421E-03  0.24092E-03  0.12813E-03  0.68949E-04  0.37699E-04  0.20506E-04  0.11118E-04  0.63336E-05  0.36184E-05
   0.18128E-05  0.95076E-06  0.67424E-06  0.31556E-06  0.19578E-07  0.13980E-11



