1 * * * * * * * * * * * * * * * * * * * * * * * * *     SKYRME-HARTREE-FOCK     * * * * * * * * * * * * * * * * * * * * * * * * * 


 NUCLEUS:  NPROT=   24  NNEUT=   24  NMAXP=    8  NMAXN=    8
 FORCE:    T0-T4= -1128.750   395.000   -95.000   14000.0   120.000
           X0-X3=   0.45000   0.00000   0.00000   1.00000  POWER= 1.00000
          PAIRFP=    1.000     PAIRFN=    1.000     ACOUL= 1.000
 CASES:     IFEX=    1  IFTM=    0  IFZPE=    0 IFDFMS=    0 IFRHOC=    0
          IFPLOT=    1
 GRID:     RSTEP=   0.300 NGRID=   36
 STEP:    X0DAMP=  1.000      E0DAMP=  40.00      ADDNEW= 0.5000    
            DABR= 1.0000E-05    DABE= 1.0000E-05   ITMAX=   80
           EPSPR= 1.0000E-04    ITPR=    4




 AVERAGE ENERGY-WIDTH FOR PROTONS=  10.956    
 PAIR FINISHED WITH    5 ITERATIONS: GAP-EQ.=   1.2293      PART.NR=   24.897    
 PAIR FINISHED WITH    5 ITERATIONS: GAP-EQ.=   1.2120      PART.NR=   24.723    
  1 TH. ITERATION: E-DIFF.=  8.142     ENERGY= -390.82      R-DIFF.=  0.000     RADIUS=  0.0000      ENREAR= -355.04    
 AVERAGE ENERGY-WIDTH FOR PROTONS=  6.9906    
 PAIR FINISHED WITH    5 ITERATIONS: GAP-EQ.=   1.0006      PART.NR=   24.009    
 PAIR FINISHED WITH    5 ITERATIONS: GAP-EQ.=   1.0004      PART.NR=   24.006    
  2 TH. ITERATION: E-DIFF.= 0.1976     ENERGY= -400.30      R-DIFF.=  1.000     RADIUS=  3.6230      ENREAR= -316.34    
 AVERAGE ENERGY-WIDTH FOR PROTONS=  1.7561    
 PAIR FINISHED WITH    4 ITERATIONS: GAP-EQ.=   1.0000      PART.NR=   24.000    
 PAIR FINISHED WITH    4 ITERATIONS: GAP-EQ.=   1.0000      PART.NR=   24.000    
  3 TH. ITERATION: E-DIFF.=-0.1695     ENERGY= -392.16      R-DIFF.= 0.1186E-01 RADIUS=  3.5805      ENREAR= -275.05    
 AVERAGE ENERGY-WIDTH FOR PROTONS= 0.86863    
 PAIR FINISHED WITH    4 ITERATIONS: GAP-EQ.=   1.0000      PART.NR=   24.000    
 PAIR FINISHED WITH    4 ITERATIONS: GAP-EQ.=   1.0000      PART.NR=   24.000    
  4 TH. ITERATION: E-DIFF.= 0.2111     ENERGY= -402.29      R-DIFF.= 0.5093E-03 RADIUS=  3.5824      ENREAR= -271.97    
 AVERAGE ENERGY-WIDTH FOR PROTONS= 0.52518    
 PAIR FINISHED WITH    4 ITERATIONS: GAP-EQ.=   1.0000      PART.NR=   24.000    
 PAIR FINISHED WITH    4 ITERATIONS: GAP-EQ.=   1.0000      PART.NR=   24.000    
  5 TH. ITERATION: E-DIFF.= 0.1254     ENERGY= -408.31      R-DIFF.= 0.7585E-03 RADIUS=  3.5797      ENREAR= -273.26    
 AVERAGE ENERGY-WIDTH FOR PROTONS= 0.28140    
 PAIR FINISHED WITH    4 ITERATIONS: GAP-EQ.=   1.0000      PART.NR=   24.000    
 PAIR FINISHED WITH    4 ITERATIONS: GAP-EQ.=   1.0000      PART.NR=   24.000    
  6 TH. ITERATION: E-DIFF.= 0.6087E-01 ENERGY= -411.23      R-DIFF.= 0.9084E-03 RADIUS=  3.5764      ENREAR= -275.13    
 AVERAGE ENERGY-WIDTH FOR PROTONS= 0.16023    
 PAIR FINISHED WITH    4 ITERATIONS: GAP-EQ.=   1.0000      PART.NR=   24.000    
 PAIR FINISHED WITH    3 ITERATIONS: GAP-EQ.=   1.0000      PART.NR=   24.000    
  7 TH. ITERATION: E-DIFF.= 0.2364E-01 ENERGY= -412.37      R-DIFF.= 0.6482E-03 RADIUS=  3.5741      ENREAR= -276.47    
 AVERAGE ENERGY-WIDTH FOR PROTONS= 0.99720E-01
 PAIR FINISHED WITH    3 ITERATIONS: GAP-EQ.=   1.0000      PART.NR=   24.000    
 PAIR FINISHED WITH    2 ITERATIONS: GAP-EQ.=   1.0000      PART.NR=   24.000    
  8 TH. ITERATION: E-DIFF.= 0.6519E-02 ENERGY= -412.68      R-DIFF.= 0.3781E-03 RADIUS=  3.5727      ENREAR= -277.23    
 AVERAGE ENERGY-WIDTH FOR PROTONS= 0.68060E-01
 PAIR FINISHED WITH    2 ITERATIONS: GAP-EQ.=   1.0000      PART.NR=   24.000    
 PAIR FINISHED WITH    3 ITERATIONS: GAP-EQ.=   1.0000      PART.NR=   24.000    
  9 TH. ITERATION: E-DIFF.= 0.5112E-03 ENERGY= -412.70      R-DIFF.= 0.2087E-03 RADIUS=  3.5720      ENREAR= -277.63    
 AVERAGE ENERGY-WIDTH FOR PROTONS= 0.48970E-01
 PAIR FINISHED WITH    3 ITERATIONS: GAP-EQ.=   1.0000      PART.NR=   24.000    
 PAIR FINISHED WITH    3 ITERATIONS: GAP-EQ.=   1.0000      PART.NR=   24.000    
 10 TH. ITERATION: E-DIFF.=-0.9003E-03 ENERGY= -412.66      R-DIFF.= 0.1162E-03 RADIUS=  3.5716      ENREAR= -277.84    
 AVERAGE ENERGY-WIDTH FOR PROTONS= 0.36297E-01
 PAIR FINISHED WITH    3 ITERATIONS: GAP-EQ.=   1.0000      PART.NR=   24.000    
 PAIR FINISHED WITH    3 ITERATIONS: GAP-EQ.=   1.0000      PART.NR=   24.000    
 11 TH. ITERATION: E-DIFF.=-0.8936E-03 ENERGY= -412.62      R-DIFF.= 0.6556E-04 RADIUS=  3.5713      ENREAR= -277.96    
 AVERAGE ENERGY-WIDTH FOR PROTONS= 0.27397E-01
 PAIR FINISHED WITH    3 ITERATIONS: GAP-EQ.=   1.0000      PART.NR=   24.000    
 PAIR FINISHED WITH    3 ITERATIONS: GAP-EQ.=   1.0000      PART.NR=   24.000    
 12 TH. ITERATION: E-DIFF.=-0.5846E-03 ENERGY= -412.59      R-DIFF.= 0.4133E-04 RADIUS=  3.5712      ENREAR= -278.04    
 AVERAGE ENERGY-WIDTH FOR PROTONS= 0.20930E-01
 PAIR FINISHED WITH    2 ITERATIONS: GAP-EQ.=   1.0000      PART.NR=   24.000    
 PAIR FINISHED WITH    2 ITERATIONS: GAP-EQ.=   1.0000      PART.NR=   24.000    
 13 TH. ITERATION: E-DIFF.=-0.3433E-03 ENERGY= -412.57      R-DIFF.= 0.2691E-04 RADIUS=  3.5711      ENREAR= -278.08    
 AVERAGE ENERGY-WIDTH FOR PROTONS= 0.16103E-01
 PAIR FINISHED WITH    2 ITERATIONS: GAP-EQ.=   1.0000      PART.NR=   24.000    
 PAIR FINISHED WITH    2 ITERATIONS: GAP-EQ.=   1.0000      PART.NR=   24.000    
 14 TH. ITERATION: E-DIFF.=-0.2241E-03 ENERGY= -412.56      R-DIFF.= 0.2023E-04 RADIUS=  3.5710      ENREAR= -278.12    
 AVERAGE ENERGY-WIDTH FOR PROTONS= 0.12452E-01
 PAIR FINISHED WITH    2 ITERATIONS: GAP-EQ.=   1.0000      PART.NR=   24.000    
 PAIR FINISHED WITH    2 ITERATIONS: GAP-EQ.=   1.0000      PART.NR=   24.000    
 15 TH. ITERATION: E-DIFF.=-0.1125E-03 ENERGY= -412.56      R-DIFF.= 0.1182E-04 RADIUS=  3.5710      ENREAR= -278.14    
 AVERAGE ENERGY-WIDTH FOR PROTONS= 0.96635E-02
 PAIR FINISHED WITH    2 ITERATIONS: GAP-EQ.=   1.0000      PART.NR=   24.000    
 PAIR FINISHED WITH    2 ITERATIONS: GAP-EQ.=   1.0000      PART.NR=   24.000    
 NORMAL TERMINATION AFTER  16 ITERATIONS
 AVERAGE ENERGY-WIDTH FOR PROTONS= 0.76221E-02
 PAIR FINISHED WITH    2 ITERATIONS: GAP-EQ.=   1.0000      PART.NR=   24.000    
 PAIR FINISHED WITH    2 ITERATIONS: GAP-EQ.=   1.0000      PART.NR=   24.000    

 INVERSE MASS:
  PROTONS
    27.456       27.399       27.255       27.072       26.920       26.855       26.888       26.975       27.026       26.942    
    26.643       26.083       25.265       24.255       23.179       22.198       21.436       20.931       20.637       20.480    
    20.400       20.361       20.341       20.331       20.326       20.323       20.322       20.321       20.321       20.320    
    20.320       20.320       20.320       20.320       20.320       20.320    
  NEUTRONS
    27.168       27.119       26.994       26.837       26.708       26.657       26.698       26.791       26.855       26.797    
    26.536       26.020       25.247       24.272       23.219       22.245       21.480       20.966       20.662       20.497    
    20.412       20.368       20.345       20.334       20.327       20.324       20.322       20.321       20.321       20.321    
    20.320       20.320       20.320       20.320       20.320       20.320    

 POTENTIAL:
  PROTONS
   -42.883      -43.841      -45.630      -48.228      -50.946      -52.916      -53.488      -52.575      -50.583      -48.057    
   -45.385      -42.678      -39.745      -36.128      -31.217      -24.566      -16.543      -8.6696      -2.5949       1.1924    
    3.2059       4.1489       4.5239       4.6166       4.5750       4.4723       4.3444       4.2088       4.0737       3.9429    
    3.8180       3.6996       3.5877       3.4821       3.3827       3.2891    
  NEUTRONS
   -52.310      -53.262      -55.005      -57.531      -60.162      -62.042      -62.526      -61.515      -59.397      -56.707    
   -53.850      -50.972      -47.909      -44.192      -39.159      -32.305      -23.968      -15.694      -9.1879      -4.9908    
   -2.6129      -1.3538     -0.70442     -0.37083     -0.19814     -0.10756     -0.59308E-01 -0.33160E-01 -0.18745E-01 -0.10663E-01
  -0.60577E-02 -0.33989E-02 -0.18517E-02 -0.95539E-03 -0.45188E-03 -0.17394E-03

 L*S-POT.:
  PROTONS
   -2.3079      -2.1692      -1.7531      -1.1951     -0.56437     -0.23233E-01  0.28351      0.29203      0.35639E-01 -0.39340    
  -0.88976      -1.3537      -1.6896      -1.8114      -1.6761      -1.3280     -0.89806     -0.52616     -0.27691     -0.13702    
  -0.66194E-01 -0.31937E-01 -0.15564E-01 -0.77006E-02 -0.38770E-02 -0.19881E-02 -0.10387E-02 -0.55287E-03 -0.29970E-03 -0.16529E-03
  -0.92559E-04 -0.52390E-04 -0.29692E-04 -0.16500E-04 -0.86570E-05 -0.23613E-05
  NEUTRONS
   -2.4705      -2.3236      -1.8829      -1.2873     -0.61736     -0.46305E-01  0.27372      0.27906      0.99702E-02 -0.43236    
  -0.93608      -1.3991      -1.7267      -1.8360      -1.6876      -1.3291     -0.89331     -0.51978     -0.27134     -0.13298    
  -0.63524E-01 -0.30258E-01 -0.14535E-01 -0.70784E-02 -0.35025E-02 -0.17627E-02 -0.90263E-03 -0.47032E-03 -0.24930E-03 -0.13434E-03
  -0.73464E-04 -0.40615E-04 -0.22506E-04 -0.12255E-04 -0.63170E-05 -0.17024E-05

      DENSITY:
  PROTONS
   0.76435E-01  0.75895E-01  0.74542E-01  0.72835E-01  0.71436E-01  0.70906E-01  0.71387E-01  0.72447E-01  0.73202E-01  0.72612E-01
   0.69762E-01  0.64068E-01  0.55462E-01  0.44570E-01  0.32758E-01  0.21807E-01  0.13181E-01  0.73682E-02  0.39199E-02  0.20394E-02
   0.10578E-02  0.55312E-03  0.29320E-03  0.15794E-03  0.86513E-04  0.48163E-04  0.27212E-04  0.15563E-04  0.89719E-05  0.51800E-05
   0.29652E-05  0.16561E-05  0.87841E-06  0.42065E-06  0.16228E-06  0.34765E-07
  NEUTRONS
   0.81132E-01  0.80474E-01  0.78799E-01  0.76676E-01  0.74902E-01  0.74127E-01  0.74488E-01  0.75451E-01  0.75992E-01  0.74985E-01
   0.71516E-01  0.65088E-01  0.55762E-01  0.44289E-01  0.32115E-01  0.21036E-01  0.12464E-01  0.67973E-02  0.35085E-02  0.17609E-02
   0.87605E-03  0.43697E-03  0.21979E-03  0.11179E-03  0.57553E-04  0.29990E-04  0.15805E-04  0.84113E-05  0.45072E-05  0.24201E-05
   0.12916E-05  0.67568E-06  0.33782E-06  0.15361E-06  0.56567E-07  0.11398E-07

 SINGLE PARTICLE ENERGIES:
  PROTONS
   -38.732      -28.063      -25.712      -16.766      -11.502      -11.283      -5.3232       2.5077    
  NEUTRONS
   -47.479      -36.563      -34.182      -25.015      -19.665      -19.585      -13.295      -5.1874    

 SINGLE PARTICLE OCCUPATION WEIGHTS:
  PROTONS
   0.99558      0.99070      0.98855      0.96707      0.91209      0.90755      0.54542      0.73270E-01
  NEUTRONS
   0.99595      0.99146      0.98950      0.96954      0.91807      0.91658      0.54291      0.66208E-01

 SHELL-ENERGIES  -94.248      0.88718E-01  -94.336      REARR.ENERGY=  -278.17    
 PAIRING-ENERGIES  -40.129      -20.517      -19.613     FERMI-ENERGIES  -4.9100      -12.914    

 THE TOTAL ENERGY  -412.55         PER PARTICLE  -8.5947       ZPE=   0.000    

                 DIFF.RADIUS    SURFACE     RMS-RADIUS
  CHARGE DENSITY:    4.254       0.8669        3.673    
    MASS DENSITY:    4.225       0.7339        3.556    
  PROTON DENSITY:    4.251       0.7326        3.581    
 NEUTRON DENSITY:    4.199       0.7343        3.531    
  CHARGE NO S.O.:    4.251       0.8565        3.665    

 CHARGE DENSITY:
   0.74637E-01  0.74340E-01  0.73561E-01  0.72597E-01  0.71823E-01  0.71502E-01  0.71619E-01  0.71813E-01  0.71449E-01  0.69787E-01
   0.66183E-01  0.60281E-01  0.52160E-01  0.42422E-01  0.32130E-01  0.22538E-01  0.14651E-01  0.88975E-02  0.51179E-02  0.28321E-02
   0.15297E-02  0.81733E-03  0.43641E-03  0.23395E-03  0.12664E-03  0.69800E-04  0.38878E-04  0.21682E-04  0.12442E-04  0.72991E-05
   0.40221E-05  0.21872E-05  0.13710E-05  0.70313E-06  0.13520E-06  0.12135E-12



