1 * * * * * * * * * * * * * * * * * * * * * * * * *     SKYRME-HARTREE-FOCK     * * * * * * * * * * * * * * * * * * * * * * * * * 


 NUCLEUS:  NPROT=   20  NNEUT=   28  NMAXP=    8  NMAXN=   10
 FORCE:    T0-T4= -1128.750   395.000   -95.000   14000.0   120.000
           X0-X3=   0.45000   0.00000   0.00000   1.00000  POWER= 1.00000
          PAIRFP=    0.000     PAIRFN=    0.000     ACOUL= 1.000
 CASES:     IFEX=    1  IFTM=    0  IFZPE=    0 IFDFMS=    0 IFRHOC=    0
          IFPLOT=    1
 GRID:     RSTEP=   0.300 NGRID=   36
 STEP:    X0DAMP=  1.000      E0DAMP=  40.00      ADDNEW= 0.5000    
            DABR= 1.0000E-05    DABE= 1.0000E-05   ITMAX=   80
           EPSPR= 1.0000E-04    ITPR=    4


 WEIGHTS FOR PROTONS READ IN FROM INPUT DATA
       1.00000  1.00000  1.00000  1.00000  1.00000  1.00000  0.00000  0.00000
 WEIGHTS FOR NEUTRONS READ IN FROM INPUT DATA
       1.00000  1.00000  1.00000  1.00000  1.00000  1.00000  1.00000  0.00000  0.00000  0.00000


 AVERAGE ENERGY-WIDTH FOR PROTONS=  12.342    
  1 TH. ITERATION: E-DIFF.=  7.967     ENERGY= -382.40      R-DIFF.=  0.000     RADIUS=  0.0000      ENREAR= -349.74    
 AVERAGE ENERGY-WIDTH FOR PROTONS=  7.7777    
  2 TH. ITERATION: E-DIFF.=-0.9108E-01 ENERGY= -378.03      R-DIFF.=  1.000     RADIUS=  3.5263      ENREAR= -298.34    
 AVERAGE ENERGY-WIDTH FOR PROTONS=  2.2131    
  3 TH. ITERATION: E-DIFF.= 0.2530     ENERGY= -390.18      R-DIFF.= 0.7024E-02 RADIUS=  3.5512      ENREAR= -282.38    
 AVERAGE ENERGY-WIDTH FOR PROTONS=  1.0472    
  4 TH. ITERATION: E-DIFF.= 0.1623     ENERGY= -397.97      R-DIFF.= 0.1358E-02 RADIUS=  3.5560      ENREAR= -278.31    
 AVERAGE ENERGY-WIDTH FOR PROTONS= 0.64749    
  5 TH. ITERATION: E-DIFF.= 0.1230     ENERGY= -403.87      R-DIFF.= 0.7627E-03 RADIUS=  3.5533      ENREAR= -279.54    
 AVERAGE ENERGY-WIDTH FOR PROTONS= 0.32397    
  6 TH. ITERATION: E-DIFF.= 0.6672E-01 ENERGY= -407.07      R-DIFF.= 0.1072E-02 RADIUS=  3.5495      ENREAR= -281.68    
 AVERAGE ENERGY-WIDTH FOR PROTONS= 0.15512    
  7 TH. ITERATION: E-DIFF.= 0.2822E-01 ENERGY= -408.43      R-DIFF.= 0.8169E-03 RADIUS=  3.5466      ENREAR= -283.31    
 AVERAGE ENERGY-WIDTH FOR PROTONS= 0.78103E-01
  8 TH. ITERATION: E-DIFF.= 0.8573E-02 ENERGY= -408.84      R-DIFF.= 0.4982E-03 RADIUS=  3.5449      ENREAR= -284.26    
 AVERAGE ENERGY-WIDTH FOR PROTONS= 0.48147E-01
  9 TH. ITERATION: E-DIFF.= 0.9937E-03 ENERGY= -408.89      R-DIFF.= 0.2791E-03 RADIUS=  3.5439      ENREAR= -284.74    
 AVERAGE ENERGY-WIDTH FOR PROTONS= 0.32336E-01
 10 TH. ITERATION: E-DIFF.=-0.1016E-02 ENERGY= -408.84      R-DIFF.= 0.1546E-03 RADIUS=  3.5433      ENREAR= -284.98    
 AVERAGE ENERGY-WIDTH FOR PROTONS= 0.21544E-01
 11 TH. ITERATION: E-DIFF.=-0.1075E-02 ENERGY= -408.79      R-DIFF.= 0.8977E-04 RADIUS=  3.5430      ENREAR= -285.10    
 AVERAGE ENERGY-WIDTH FOR PROTONS= 0.14460E-01
 12 TH. ITERATION: E-DIFF.=-0.6981E-03 ENERGY= -408.75      R-DIFF.= 0.5613E-04 RADIUS=  3.5428      ENREAR= -285.18    
 AVERAGE ENERGY-WIDTH FOR PROTONS= 0.98891E-02
 13 TH. ITERATION: E-DIFF.=-0.3853E-03 ENERGY= -408.74      R-DIFF.= 0.3708E-04 RADIUS=  3.5427      ENREAR= -285.22    
 AVERAGE ENERGY-WIDTH FOR PROTONS= 0.69759E-02
 14 TH. ITERATION: E-DIFF.=-0.2041E-03 ENERGY= -408.73      R-DIFF.= 0.2524E-04 RADIUS=  3.5426      ENREAR= -285.25    
 AVERAGE ENERGY-WIDTH FOR PROTONS= 0.49720E-02
 15 TH. ITERATION: E-DIFF.=-0.1087E-03 ENERGY= -408.72      R-DIFF.= 0.1736E-04 RADIUS=  3.5425      ENREAR= -285.27    
 AVERAGE ENERGY-WIDTH FOR PROTONS= 0.36302E-02
 16 TH. ITERATION: E-DIFF.=-0.6866E-04 ENERGY= -408.72      R-DIFF.= 0.1185E-04 RADIUS=  3.5425      ENREAR= -285.29    
 AVERAGE ENERGY-WIDTH FOR PROTONS= 0.26960E-02
 NORMAL TERMINATION AFTER  17 ITERATIONS
 AVERAGE ENERGY-WIDTH FOR PROTONS= 0.28421E-02

 INVERSE MASS:
  PROTONS
    27.926       27.863       27.706       27.512       27.362       27.321       27.401       27.547       27.654       27.607    
    27.313       26.721       25.833       24.723       23.534       22.445       21.597       21.032       20.698       20.517    
    20.422       20.373       20.348       20.335       20.328       20.324       20.322       20.321       20.321       20.321    
    20.320       20.320       20.320       20.320       20.320       20.320    
  NEUTRONS
    27.329       27.271       27.124       26.926       26.735       26.604       26.552       26.549       26.522       26.384    
    26.059       25.501       24.714       23.761       22.768       21.885       21.221       20.797       20.559       20.437    
    20.377       20.348       20.334       20.327       20.324       20.322       20.321       20.321       20.320       20.320    
    20.320       20.320       20.320       20.320       20.320       20.320    

 POTENTIAL:
  PROTONS
   -44.240      -45.372      -47.522      -50.590      -53.835      -56.280      -57.198      -56.534      -54.805      -52.662    
   -50.553      -48.539      -46.245      -42.926      -37.703      -30.083      -20.735      -11.653      -4.7373     -0.43341    
    1.8960       3.0394       3.5463       3.7293       3.7521       3.6979       3.6083       3.5043       3.3964       3.2896    
    3.1864       3.0879       2.9943       2.9057       2.8219       2.7429    
  NEUTRONS
   -50.231      -51.279      -53.025      -55.513      -58.130      -60.017      -60.459      -59.293      -56.874      -53.737    
   -50.323      -46.844      -43.251      -39.218      -34.197      -27.714      -20.075      -12.728      -7.1718      -3.7361    
   -1.8714     -0.92538     -0.45820     -0.22873     -0.11544     -0.58950E-01 -0.30444E-01 -0.15882E-01 -0.83531E-02 -0.44158E-02
  -0.23356E-02 -0.12274E-02 -0.63453E-03 -0.31885E-03 -0.15786E-03 -0.51261E-04

 L*S-POT.:
  PROTONS
   -2.6255      -2.4824      -2.0530      -1.4918     -0.84691     -0.27596      0.69977E-01  0.11640     -0.10926     -0.51390    
  -0.98749      -1.4250      -1.7270      -1.8075      -1.6309      -1.2554     -0.82185     -0.46538     -0.23699     -0.11376    
  -0.53420E-01 -0.25069E-01 -0.11874E-01 -0.57006E-02 -0.27774E-02 -0.13733E-02 -0.68874E-03 -0.35006E-03 -0.18012E-03 -0.93688E-04
  -0.49168E-04 -0.25946E-04 -0.13672E-04 -0.70747E-05 -0.34716E-05 -0.90178E-06
  NEUTRONS
   -2.7513      -2.5860      -2.0902      -1.4217     -0.67018     -0.27256E-01  0.33471      0.34411      0.48361E-01 -0.43758    
  -0.98889      -1.4929      -1.8460      -1.9587      -1.7910      -1.4001     -0.93389     -0.54084     -0.28266     -0.13959    
  -0.67516E-01 -0.32639E-01 -0.15919E-01 -0.78626E-02 -0.39367E-02 -0.19978E-02 -0.10270E-02 -0.53428E-03 -0.28097E-03 -0.14915E-03
  -0.79762E-04 -0.42823E-04 -0.22918E-04 -0.12021E-04 -0.59700E-05 -0.15649E-05

      DENSITY:
  PROTONS
   0.77460E-01  0.76822E-01  0.75192E-01  0.72953E-01  0.70699E-01  0.68992E-01  0.68070E-01  0.67655E-01  0.67015E-01  0.65231E-01
   0.61486E-01  0.55293E-01  0.46678E-01  0.36341E-01  0.25644E-01  0.16214E-01  0.92042E-02  0.47838E-02  0.23457E-02  0.11161E-02
   0.52563E-03  0.24776E-03  0.11754E-03  0.56265E-04  0.27190E-04  0.13262E-04  0.65229E-05  0.32301E-05  0.16067E-05  0.79958E-06
   0.39547E-06  0.19204E-06  0.89420E-07  0.37993E-07  0.13014E-07  0.22867E-08
  NEUTRONS
   0.87205E-01  0.86491E-01  0.84691E-01  0.82515E-01  0.80924E-01  0.80690E-01  0.81935E-01  0.83960E-01  0.85501E-01  0.85200E-01
   0.81968E-01  0.75203E-01  0.64947E-01  0.52040E-01  0.38144E-01  0.25352E-01  0.15337E-01  0.86095E-02  0.46119E-02  0.24175E-02
   0.12610E-02  0.66048E-03  0.34878E-03  0.18596E-03  0.10009E-03  0.54345E-04  0.29719E-04  0.16334E-04  0.89939E-05  0.49363E-05
   0.26791E-05  0.14184E-05  0.71485E-06  0.32666E-06  0.12068E-06  0.24410E-07

 SINGLE PARTICLE ENERGIES:
  PROTONS
   -43.025      -32.989      -30.256      -21.842      -16.243      -15.288      -10.146      -1.9980    
  NEUTRONS
   -44.761      -33.337      -30.974      -21.578      -16.063      -16.397      -9.9725      -1.6141      -4.9568      -3.1343    


 SINGLE PARTICLE OCCUPATION WEIGHTS:
  PROTONS
    1.0000       1.0000       1.0000       1.0000       1.0000       1.0000       0.0000       0.0000    
  NEUTRONS
    1.0000       1.0000       1.0000       1.0000       1.0000       1.0000       1.0000       0.0000       0.0000       0.0000    


 SHELL-ENERGIES  -123.41      -93.853      -29.553      REARR.ENERGY=  -285.31    
 PAIRING-ENERGIES   0.0000       0.0000       0.0000     FERMI-ENERGIES   0.0000       0.0000    

 THE TOTAL ENERGY  -408.71         PER PARTICLE  -8.5148       ZPE=   0.000    

                 DIFF.RADIUS    SURFACE     RMS-RADIUS
  CHARGE DENSITY:    4.073       0.8709        3.516    
    MASS DENSITY:    4.186       0.7331        3.528    
  PROTON DENSITY:    4.082       0.7616        3.447    
 NEUTRON DENSITY:    4.266       0.7031        3.584    
  CHARGE NO S.O.:    4.086       0.8706        3.526    

 CHARGE DENSITY:
   0.74818E-01  0.74421E-01  0.73344E-01  0.71897E-01  0.70470E-01  0.69347E-01  0.68545E-01  0.67739E-01  0.66337E-01  0.63664E-01
   0.59177E-01  0.52648E-01  0.44294E-01  0.34819E-01  0.25307E-01  0.16896E-01  0.10362E-01  0.58826E-02  0.31314E-02  0.15841E-02
   0.77058E-03  0.36489E-03  0.16950E-03  0.76978E-04  0.34450E-04  0.15599E-04  0.67799E-05  0.25891E-05  0.11648E-05  0.63609E-06
   0.33244E-07  0.12701E-06  0.13274E-06  0.51114E-07  0.18237E-06  0.36205E-11



