          40          20           1
  -57.600000000000001        4.0999999999999996       0.53000000000000003       -11.109999999999999        4.0999999999999996       0.53000000000000003        4.0999999999999996     
  -55.000000000000000        4.0999999999999996       0.53000000000000003       -8.5000000000000000        4.0999999999999996       0.53000000000000003        0.0000000000000000     
   25.000000000000000             1250          50
   1.0000000000000000      -0.10000000000000001        9.9999999999999994E-012
           1
    1   0   1 -0.36097D+02
    2   0   1 -0.10383D+02
    1   1   2 -0.26592D+02
    1   1   1 -0.23104D+02
    1   2   3 -0.16264D+02
    1   2   2 -0.87916D+01
    1   3   4 -0.53792D+01
    1   0   1 -0.42586D+02
    2   0   1 -0.16466D+02
    1   1   2 -0.32440D+02
    2   1   2 -0.48987D+01
    1   1   1 -0.29820D+02
    2   1   1 -0.23724D+01
    1   2   3 -0.21403D+02
    1   2   2 -0.15737D+02
    1   3   4 -0.98032D+01
    1   3   3 -0.86607D+00


 Z=20  A= 40

 -57.6000   4.1000   0.5300 -11.1100   4.1000   0.5300   4.1000
 -55.0000   4.1000   0.5300  -8.5000   4.1000   0.5300   0.0000

 RMAX=25.000  NPOIN=1250  STEP= 1.0  EMAX=  -0.1000  EERR=0.1D-10


 NR. PROTON STATES=  7  NR. NEUTRON STATES= 10


  0  1  1  0  1 -36.097
  0  1  1  1  2 -26.592
  0  1  1  1  1 -23.104
  0  1  1  2  3 -16.264
  0  1  2  0  1 -10.383
  0  1  1  2  2  -8.792
  1  1  1  3  4  -5.379

  0  0  1  0  1 -42.586
  0  0  1  1  2 -32.440
  0  0  1  1  1 -29.820
  0  0  1  2  3 -21.403
  0  0  2  0  1 -16.466
  0  0  1  2  2 -15.737
  1  0  1  3  4  -9.803
  1  0  2  1  2  -4.899
  1  0  2  1  1  -2.372
  1  0  1  3  3  -0.866


