          48          20           1
  -59.899999999999999        4.3600000000000003       0.53000000000000003       -8.4800000000000004        4.3600000000000003       0.53000000000000003        4.3600000000000003     
  -50.310000000000002        4.3600000000000003       0.53000000000000003       -8.1699999999999999        4.3600000000000003       0.53000000000000003        0.0000000000000000     
   25.000000000000000             1250          50
   1.0000000000000000      -0.10000000000000001        9.9999999999999994E-012
           1
    1   0   1 -0.40080D+02
    2   0   1 -0.15558D+02
    1   1   2 -0.30908D+02
    2   1   2 -0.39095D+01
    1   1   1 -0.28731D+02
    2   1   1 -0.13465D+01
    1   2   3 -0.20644D+02
    1   2   2 -0.15825D+02
    1   3   4 -0.96262D+01
    1   3   3 -0.16406D+01
    1   0   1 -0.39494D+02
    2   0   1 -0.15929D+02
    1   1   2 -0.30436D+02
    2   1   2 -0.51447D+01
    1   1   1 -0.28283D+02
    2   1   1 -0.28478D+01
    1   2   3 -0.20485D+02
    1   2   2 -0.15722D+02
    1   3   4 -0.99436D+01
    1   3   3 -0.22031D+01


 Z=20  A= 48

 -59.9000   4.3600   0.5300  -8.4800   4.3600   0.5300   4.3600
 -50.3100   4.3600   0.5300  -8.1700   4.3600   0.5300   0.0000

 RMAX=25.000  NPOIN=1250  STEP= 1.0  EMAX=  -0.1000  EERR=0.1D-10


 NR. PROTON STATES= 10  NR. NEUTRON STATES= 10


  0  1  1  0  1 -40.080
  0  1  1  1  2 -30.908
  0  1  1  1  1 -28.731
  0  1  1  2  3 -20.644
  0  1  1  2  2 -15.825
  0  1  2  0  1 -15.558
  1  1  1  3  4  -9.626
  1  1  2  1  2  -3.910
  1  1  1  3  3  -1.641
  1  1  2  1  1  -1.346

  0  0  1  0  1 -39.494
  0  0  1  1  2 -30.436
  0  0  1  1  1 -28.283
  0  0  1  2  3 -20.485
  0  0  2  0  1 -15.929
  0  0  1  2  2 -15.722
  0  0  1  3  4  -9.944
  1  0  2  1  2  -5.145
  1  0  2  1  1  -2.848
  1  0  1  3  3  -2.203


