          16           8           1
  -54.170000000000002        3.0200000000000000       0.53000000000000003       -4.1500000000000004        3.0200000000000000       0.53000000000000003        3.0200000000000000     
  -54.060000000000002        3.0200000000000000       0.53000000000000003       -4.7599999999999998        3.0200000000000000       0.53000000000000003        0.0000000000000000     
   25.000000000000000             1250          50
   1.0000000000000000      -0.10000000000000001        9.9999999999999994E-012
           1
    1   0   1 -0.29384D+02
    1   1   2 -0.14887D+02
    1   1   1 -0.12124D+02
    1   2   3 -0.59780D+00
    1   0   1 -0.33600D+02
    2   0   1 -0.27085D+01
    1   1   2 -0.18828D+02
    1   1   1 -0.15660D+02
    1   2   3 -0.41436D+01


 Z= 8  A= 16

 -54.1700   3.0200   0.5300  -4.1500   3.0200   0.5300   3.0200
 -54.0600   3.0200   0.5300  -4.7600   3.0200   0.5300   0.0000

 RMAX=25.000  NPOIN=1250  STEP= 1.0  EMAX=  -0.1000  EERR=0.1D-10


 NR. PROTON STATES=  4  NR. NEUTRON STATES=  5


  0  1  1  0  1 -29.384
  0  1  1  1  2 -14.887
  0  1  1  1  1 -12.124
  1  1  1  2  3  -0.598

  0  0  1  0  1 -33.600
  0  0  1  1  2 -18.828
  0  0  1  1  1 -15.660
  1  0  1  2  3  -4.144
  1  0  2  0  1  -2.709


