          40          20           1
  -54.450000000000003        4.0999999999999996       0.53000000000000003       -6.1299999999999999        4.0999999999999996       0.53000000000000003        4.0999999999999996     
  -54.009999999999998        4.0999999999999996       0.53000000000000003       -6.7699999999999996        4.0999999999999996       0.53000000000000003        0.0000000000000000     
   25.000000000000000             1250          50
   1.0000000000000000      -0.10000000000000001        9.9999999999999994E-012
           1
    1   0   1 -0.33194D+02
    2   0   1 -0.81704D+01
    1   1   2 -0.23387D+02
    1   1   1 -0.21412D+02
    1   2   3 -0.12517D+02
    1   2   2 -0.83269D+01
    1   3   4 -0.10781D+01
    1   0   1 -0.41667D+02
    2   0   1 -0.15752D+02
    1   1   2 -0.31411D+02
    2   1   2 -0.42126D+01
    1   1   1 -0.29306D+02
    2   1   1 -0.22472D+01
    1   2   3 -0.20174D+02
    1   2   2 -0.15636D+02
    1   3   4 -0.83573D+01
    1   3   3 -0.12386D+01


 Z=20  A= 40

 -54.4500   4.1000   0.5300  -6.1300   4.1000   0.5300   4.1000
 -54.0100   4.1000   0.5300  -6.7700   4.1000   0.5300   0.0000

 RMAX=25.000  NPOIN=1250  STEP= 1.0  EMAX=  -0.1000  EERR=0.1D-10


 NR. PROTON STATES=  7  NR. NEUTRON STATES= 10


  0  1  1  0  1 -33.194
  0  1  1  1  2 -23.387
  0  1  1  1  1 -21.412
  0  1  1  2  3 -12.517
  0  1  1  2  2  -8.327
  0  1  2  0  1  -8.170
  1  1  1  3  4  -1.078

  0  0  1  0  1 -41.667
  0  0  1  1  2 -31.411
  0  0  1  1  1 -29.306
  0  0  1  2  3 -20.174
  0  0  2  0  1 -15.752
  0  0  1  2  2 -15.636
  1  0  1  3  4  -8.357
  1  0  2  1  2  -4.213
  1  0  2  1  1  -2.247
  1  0  1  3  3  -1.239


