          12           6           1
  -51.500000000000000        2.8599999999999999       0.56999999999999995       -16.480000000000000        2.8599999999999999       0.56999999999999995        2.8599999999999999     
  -51.350000000000001        2.8599999999999999       0.56999999999999995       -16.730000000000000        2.8599999999999999       0.56999999999999995        0.0000000000000000     
   25.000000000000000             1250          50
   1.0000000000000000      -0.10000000000000001        9.9999999999999994E-012
           1
    1   0   1 -0.26095D+02
    1   1   2 -0.14426D+02
    1   1   1 -0.29824D+01
    1   2   3 -0.29803D+01
    1   0   1 -0.29178D+02
    2   0   1 -0.84628D+00
    1   1   2 -0.17228D+02
    1   1   1 -0.54958D+01
    1   2   3 -0.54937D+01


 Z= 6  A= 12

 -51.5000   2.8600   0.5700 -16.4800   2.8600   0.5700   2.8600
 -51.3500   2.8600   0.5700 -16.7300   2.8600   0.5700   0.0000

 RMAX=25.000  NPOIN=1250  STEP= 1.0  EMAX=  -0.1000  EERR=0.1D-10


 NR. PROTON STATES=  4  NR. NEUTRON STATES=  5


  0  1  1  0  1 -26.095
  0  1  1  1  2 -14.426
  1  1  1  1  1  -2.982
  1  1  1  2  3  -2.980

  0  0  1  0  1 -29.178
  0  0  1  1  2 -17.228
  1  0  1  1  1  -5.496
  1  0  1  2  3  -5.494
  1  0  2  0  1  -0.846


