          16           8           1
  -49.450000000000003        3.2000000000000002       0.53000000000000003       -3.0499999999999998        3.2000000000000002       0.53000000000000003        3.2000000000000002     
  -49.609999999999999        3.2000000000000002       0.53000000000000003       -3.7300000000000000        3.2000000000000002       0.53000000000000003        0.0000000000000000     
   25.000000000000000             1250          50
   1.0000000000000000      -0.10000000000000001        9.9999999999999994E-012
           1
    1   0   1 -0.27311D+02
    1   1   2 -0.13954D+02
    1   1   1 -0.12127D+02
    1   2   3 -0.59564D+00
    1   0   1 -0.31523D+02
    2   0   1 -0.28082D+01
    1   1   2 -0.17895D+02
    1   1   1 -0.15667D+02
    1   2   3 -0.41479D+01


 Z= 8  A= 16

 -49.4500   3.2000   0.5300  -3.0500   3.2000   0.5300   3.2000
 -49.6100   3.2000   0.5300  -3.7300   3.2000   0.5300   0.0000

 RMAX=25.000  NPOIN=1250  STEP= 1.0  EMAX=  -0.1000  EERR=0.1D-10


 NR. PROTON STATES=  4  NR. NEUTRON STATES=  5


  0  1  1  0  1 -27.311
  0  1  1  1  2 -13.954
  0  1  1  1  1 -12.127
  1  1  1  2  3  -0.596

  0  0  1  0  1 -31.523
  0  0  1  1  2 -17.895
  0  0  1  1  1 -15.667
  1  0  1  2  3  -4.148
  1  0  2  0  1  -2.808


